426 INFO: PyInstaller: 6.19.0, contrib hooks: 2026.4
426 INFO: Python: 3.11.9
468 INFO: Platform: Windows-10-10.0.26200-SP0
468 INFO: Python environment: C:\Users\I763940\AppData\Local\Programs\Python\Python311
479 INFO: Module search paths (PYTHONPATH):
['C:\\Users\\I763940\\icbv-fragment-reconstruction',
 'C:\\Users\\I763940\\AppData\\Local\\Programs\\Python\\Python311\\python311.zip',
 'C:\\Users\\I763940\\AppData\\Local\\Programs\\Python\\Python311\\DLLs',
 'C:\\Users\\I763940\\AppData\\Local\\Programs\\Python\\Python311\\Lib',
 'C:\\Users\\I763940\\AppData\\Local\\Programs\\Python\\Python311',
 'C:\\Users\\I763940\\AppData\\Local\\Programs\\Python\\Python311\\Lib\\site-packages',
 'C:\\Users\\I763940\\icbv-fragment-reconstruction']
1638 INFO: Appending 'datas' from .spec
1643 INFO: checking Analysis
1643 INFO: Building Analysis because Analysis-00.toc is non existent
1643 INFO: Looking for Python shared library...
1644 INFO: Using Python shared library: C:\Users\I763940\AppData\Local\Programs\Python\Python311\python311.dll
1644 INFO: Running Analysis Analysis-00.toc
1644 INFO: Target bytecode optimization level: 0
1644 INFO: Initializing module dependency graph...
1647 INFO: Initializing module graph hook caches...
1684 INFO: Analyzing modules for base_library.zip ...
4479 INFO: Processing standard module hook 'hook-heapq.py' from 'C:\\Users\\I763940\\AppData\\Local\\Programs\\Python\\Python311\\Lib\\site-packages\\PyInstaller\\hooks'
4650 INFO: Processing standard module hook 'hook-encodings.py' from 'C:\\Users\\I763940\\AppData\\Local\\Programs\\Python\\Python311\\Lib\\site-packages\\PyInstaller\\hooks'
8159 INFO: Processing standard module hook 'hook-pickle.py' from 'C:\\Users\\I763940\\AppData\\Local\\Programs\\Python\\Python311\\Lib\\site-packages\\PyInstaller\\hooks'
10935 INFO: Caching module dependency graph...
11014 INFO: Analyzing C:\Users\I763940\icbv-fragment-reconstruction\launch_gui.py
11024 INFO: Analyzing hidden import 'tkinter'
11024 INFO: Processing pre-find-module-path hook 'hook-tkinter.py' from 'C:\\Users\\I763940\\AppData\\Local\\Programs\\Python\\Python311\\Lib\\site-packages\\PyInstaller\\hooks\\pre_find_module_path'
11028 INFO: TclTkInfo: initializing cached Tcl/Tk info...
11708 INFO: Processing standard module hook 'hook-_tkinter.py' from 'C:\\Users\\I763940\\AppData\\Local\\Programs\\Python\\Python311\\Lib\\site-packages\\PyInstaller\\hooks'
11716 INFO: Analyzing hidden import 'tkinter.ttk'
11772 INFO: Analyzing hidden import 'tkinter.filedialog'
11837 INFO: Analyzing hidden import 'tkinter.scrolledtext'
11843 INFO: Analyzing hidden import 'PIL._tkinter_finder'
11847 INFO: Processing standard module hook 'hook-PIL.py' from 'C:\\Users\\I763940\\AppData\\Local\\Programs\\Python\\Python311\\Lib\\site-packages\\PyInstaller\\hooks'
11859 INFO: Analyzing hidden import 'numpy'
11886 INFO: Processing standard module hook 'hook-numpy.py' from 'C:\\Users\\I763940\\AppData\\Local\\Programs\\Python\\Python311\\Lib\\site-packages\\PyInstaller\\hooks'
12472 INFO: Processing standard module hook 'hook-platform.py' from 'C:\\Users\\I763940\\AppData\\Local\\Programs\\Python\\Python311\\Lib\\site-packages\\PyInstaller\\hooks'
12754 INFO: Processing standard module hook 'hook-sysconfig.py' from 'C:\\Users\\I763940\\AppData\\Local\\Programs\\Python\\Python311\\Lib\\site-packages\\PyInstaller\\hooks'
15062 INFO: Processing standard module hook 'hook-multiprocessing.util.py' from 'C:\\Users\\I763940\\AppData\\Local\\Programs\\Python\\Python311\\Lib\\site-packages\\PyInstaller\\hooks'
15240 INFO: Processing standard module hook 'hook-xml.py' from 'C:\\Users\\I763940\\AppData\\Local\\Programs\\Python\\Python311\\Lib\\site-packages\\PyInstaller\\hooks'
15715 INFO: Processing standard module hook 'hook-_ctypes.py' from 'C:\\Users\\I763940\\AppData\\Local\\Programs\\Python\\Python311\\Lib\\site-packages\\PyInstaller\\hooks'
16217 INFO: Processing standard module hook 'hook-difflib.py' from 'C:\\Users\\I763940\\AppData\\Local\\Programs\\Python\\Python311\\Lib\\site-packages\\PyInstaller\\hooks'
18803 INFO: Processing pre-safe-import-module hook 'hook-typing_extensions.py' from 'C:\\Users\\I763940\\AppData\\Local\\Programs\\Python\\Python311\\Lib\\site-packages\\PyInstaller\\hooks\\pre_safe_import_module'
18809 INFO: SetuptoolsInfo: initializing cached setuptools info...
22129 INFO: Processing standard module hook 'hook-charset_normalizer.py' from 'C:\\Users\\I763940\\AppData\\Local\\Programs\\Python\\Python311\\Lib\\site-packages\\_pyinstaller_hooks_contrib\\stdhooks'
22856 INFO: Analyzing hidden import 'cv2'
22871 INFO: Processing standard module hook 'hook-cv2.py' from 'C:\\Users\\I763940\\AppData\\Local\\Programs\\Python\\Python311\\Lib\\site-packages\\_pyinstaller_hooks_contrib\\stdhooks'
24295 INFO: Analyzing hidden import 'PIL.Image'
24484 INFO: Processing standard module hook 'hook-PIL.Image.py' from 'C:\\Users\\I763940\\AppData\\Local\\Programs\\Python\\Python311\\Lib\\site-packages\\PyInstaller\\hooks'
25619 INFO: Processing standard module hook 'hook-xml.etree.cElementTree.py' from 'C:\\Users\\I763940\\AppData\\Local\\Programs\\Python\\Python311\\Lib\\site-packages\\PyInstaller\\hooks'
25803 INFO: Processing standard module hook 'hook-xml.dom.domreg.py' from 'C:\\Users\\I763940\\AppData\\Local\\Programs\\Python\\Python311\\Lib\\site-packages\\PyInstaller\\hooks'
26527 INFO: Processing standard module hook 'hook-PIL.ImageFilter.py' from 'C:\\Users\\I763940\\AppData\\Local\\Programs\\Python\\Python311\\Lib\\site-packages\\PyInstaller\\hooks'
26952 INFO: Analyzing hidden import 'PIL.ImageTk'
26966 INFO: Analyzing hidden import 'matplotlib'
27011 INFO: Processing standard module hook 'hook-matplotlib.py' from 'C:\\Users\\I763940\\AppData\\Local\\Programs\\Python\\Python311\\Lib\\site-packages\\PyInstaller\\hooks'
27926 INFO: Processing pre-safe-import-module hook 'hook-packaging.py' from 'C:\\Users\\I763940\\AppData\\Local\\Programs\\Python\\Python311\\Lib\\site-packages\\PyInstaller\\hooks\\pre_safe_import_module'
28081 INFO: Processing pre-safe-import-module hook 'hook-gi.py' from 'C:\\Users\\I763940\\AppData\\Local\\Programs\\Python\\Python311\\Lib\\site-packages\\PyInstaller\\hooks\\pre_safe_import_module'
28490 INFO: Processing standard module hook 'hook-matplotlib.backend_bases.py' from 'C:\\Users\\I763940\\AppData\\Local\\Programs\\Python\\Python311\\Lib\\site-packages\\PyInstaller\\hooks'
30008 INFO: Processing standard module hook 'hook-matplotlib.backends.py' from 'C:\\Users\\I763940\\AppData\\Local\\Programs\\Python\\Python311\\Lib\\site-packages\\PyInstaller\\hooks'
30234 INFO: Processing standard module hook 'hook-matplotlib.pyplot.py' from 'C:\\Users\\I763940\\AppData\\Local\\Programs\\Python\\Python311\\Lib\\site-packages\\PyInstaller\\hooks'
32743 INFO: Processing standard module hook 'hook-dateutil.py' from 'C:\\Users\\I763940\\AppData\\Local\\Programs\\Python\\Python311\\Lib\\site-packages\\_pyinstaller_hooks_contrib\\stdhooks'
32919 INFO: Processing pre-safe-import-module hook 'hook-six.moves.py' from 'C:\\Users\\I763940\\AppData\\Local\\Programs\\Python\\Python311\\Lib\\site-packages\\PyInstaller\\hooks\\pre_safe_import_module'
36497 INFO: Processing standard module hook 'hook-certifi.py' from 'C:\\Users\\I763940\\AppData\\Local\\Programs\\Python\\Python311\\Lib\\site-packages\\_pyinstaller_hooks_contrib\\stdhooks'
36521 INFO: Analyzing hidden import 'matplotlib.backends.backend_tkagg'
36618 INFO: Analyzing hidden import 'scipy'
36624 INFO: Processing standard module hook 'hook-scipy.py' from 'C:\\Users\\I763940\\AppData\\Local\\Programs\\Python\\Python311\\Lib\\site-packages\\PyInstaller\\hooks'
38534 INFO: Analyzing hidden import 'scipy.ndimage'
39287 INFO: Processing standard module hook 'hook-scipy.special._ufuncs.py' from 'C:\\Users\\I763940\\AppData\\Local\\Programs\\Python\\Python311\\Lib\\site-packages\\PyInstaller\\hooks'
39502 INFO: Processing standard module hook 'hook-scipy.linalg.py' from 'C:\\Users\\I763940\\AppData\\Local\\Programs\\Python\\Python311\\Lib\\site-packages\\PyInstaller\\hooks'
43840 INFO: Processing standard module hook 'hook-scipy.spatial._ckdtree.py' from 'C:\\Users\\I763940\\AppData\\Local\\Programs\\Python\\Python311\\Lib\\site-packages\\PyInstaller\\hooks'
44623 INFO: Processing standard module hook 'hook-scipy.spatial.transform.rotation.py' from 'C:\\Users\\I763940\\AppData\\Local\\Programs\\Python\\Python311\\Lib\\site-packages\\PyInstaller\\hooks'
46717 INFO: Processing standard module hook 'hook-scipy.stats._stats.py' from 'C:\\Users\\I763940\\AppData\\Local\\Programs\\Python\\Python311\\Lib\\site-packages\\PyInstaller\\hooks'
47822 INFO: Processing standard module hook 'hook-scipy.sparse.csgraph.py' from 'C:\\Users\\I763940\\AppData\\Local\\Programs\\Python\\Python311\\Lib\\site-packages\\PyInstaller\\hooks'
49681 INFO: Processing standard module hook 'hook-scipy.special._ellip_harm_2.py' from 'C:\\Users\\I763940\\AppData\\Local\\Programs\\Python\\Python311\\Lib\\site-packages\\PyInstaller\\hooks'
49739 INFO: Analyzing hidden import 'scipy.signal'
50776 INFO: Processing module hooks (post-graph stage)...
50851 INFO: Processing standard module hook 'hook-matplotlib.backends.py' from 'C:\\Users\\I763940\\AppData\\Local\\Programs\\Python\\Python311\\Lib\\site-packages\\PyInstaller\\hooks'
50852 INFO: Matplotlib backend selection method: automatic discovery of used backends
52038 INFO: Trying determine the default backend as first importable candidate from the list: ['QtAgg', 'Qt5Agg', 'Gtk4Agg', 'Gtk3Agg', 'TkAgg', 'WxAgg']
57828 INFO: Selected matplotlib backends: ['TkAgg']
58387 INFO: Processing standard module hook 'hook-PIL.SpiderImagePlugin.py' from 'C:\\Users\\I763940\\AppData\\Local\\Programs\\Python\\Python311\\Lib\\site-packages\\PyInstaller\\hooks'
58566 WARNING: Hidden import "scipy.special._cdflib" not found!
58566 INFO: Processing standard module hook 'hook-_tkinter.py' from 'C:\\Users\\I763940\\AppData\\Local\\Programs\\Python\\Python311\\Lib\\site-packages\\PyInstaller\\hooks'
58610 INFO: Performing binary vs. data reclassification (1145 entries)
59531 INFO: Looking for ctypes DLLs
60077 INFO: Analyzing run-time hooks ...
60089 INFO: Including run-time hook 'pyi_rth_inspect.py' from 'C:\\Users\\I763940\\AppData\\Local\\Programs\\Python\\Python311\\Lib\\site-packages\\PyInstaller\\hooks\\rthooks'
60096 INFO: Including run-time hook 'pyi_rth_pkgutil.py' from 'C:\\Users\\I763940\\AppData\\Local\\Programs\\Python\\Python311\\Lib\\site-packages\\PyInstaller\\hooks\\rthooks'
60101 INFO: Including run-time hook 'pyi_rth_multiprocessing.py' from 'C:\\Users\\I763940\\AppData\\Local\\Programs\\Python\\Python311\\Lib\\site-packages\\PyInstaller\\hooks\\rthooks'
60108 INFO: Including run-time hook 'pyi_rth_mplconfig.py' from 'C:\\Users\\I763940\\AppData\\Local\\Programs\\Python\\Python311\\Lib\\site-packages\\PyInstaller\\hooks\\rthooks'
60111 INFO: Processing pre-find-module-path hook 'hook-_pyi_rth_utils.py' from 'C:\\Users\\I763940\\AppData\\Local\\Programs\\Python\\Python311\\Lib\\site-packages\\PyInstaller\\hooks\\pre_find_module_path'
60117 INFO: Processing standard module hook 'hook-_pyi_rth_utils.py' from 'C:\\Users\\I763940\\AppData\\Local\\Programs\\Python\\Python311\\Lib\\site-packages\\PyInstaller\\hooks'
60188 INFO: Including run-time hook 'pyi_rth__tkinter.py' from 'C:\\Users\\I763940\\AppData\\Local\\Programs\\Python\\Python311\\Lib\\site-packages\\PyInstaller\\hooks\\rthooks'
60302 INFO: Creating base_library.zip...
60357 INFO: Looking for dynamic libraries
65152 INFO: Extra DLL search directories (AddDllDirectory): ['C:\\Users\\I763940\\AppData\\Local\\Programs\\Python\\Python311\\Lib\\site-packages\\scipy.libs', 'C:\\Users\\I763940\\AppData\\Local\\Programs\\Python\\Python311\\Lib\\site-packages\\numpy.libs', 'C:\\Users\\I763940\\AppData\\Local\\Programs\\Python\\Python311\\Lib\\site-packages\\cv2\\../../x64/vc17/bin']
65152 INFO: Extra DLL search directories (PATH): ['C:\\Users\\I763940\\AppData\\Local\\Programs\\Python\\Python311\\Lib\\site-packages\\cv2\\../../x64/vc17/bin']
71650 INFO: Warnings written to C:\Users\I763940\icbv-fragment-reconstruction\build\fragment_reconstruction\warn-fragment_reconstruction.txt
71952 INFO: Graph cross-reference written to C:\Users\I763940\icbv-fragment-reconstruction\build\fragment_reconstruction\xref-fragment_reconstruction.html
72118 INFO: checking PYZ
72263 INFO: checking PKG
72267 INFO: Bootloader C:\Users\I763940\AppData\Local\Programs\Python\Python311\Lib\site-packages\PyInstaller\bootloader\Windows-64bit-intel\runw.exe
72267 INFO: checking EXE
72291 INFO: checking COLLECT
72291 INFO: Building COLLECT because COLLECT-00.toc is non existent
72292 INFO: Removing dir C:\Users\I763940\icbv-fragment-reconstruction\dist\FragmentReconstruction
Traceback (most recent call last):
  File "C:\Users\I763940\AppData\Local\Programs\Python\Python311\Lib\site-packages\PyInstaller\building\utils.py", line 394, in _make_clean_directory
    os.remove(path)
PermissionError: [WinError 5] Access is denied: 'C:\\Users\\I763940\\icbv-fragment-reconstruction\\dist\\FragmentReconstruction'

During handling of the above exception, another exception occurred:

Traceback (most recent call last):
  File "<frozen runpy>", line 198, in _run_module_as_main
  File "<frozen runpy>", line 88, in _run_code
  File "C:\Users\I763940\AppData\Local\Programs\Python\Python311\Lib\site-packages\PyInstaller\__main__.py", line 321, in <module>
    run()
  File "C:\Users\I763940\AppData\Local\Programs\Python\Python311\Lib\site-packages\PyInstaller\__main__.py", line 215, in run
    run_build(pyi_config, spec_file, **vars(args))
  File "C:\Users\I763940\AppData\Local\Programs\Python\Python311\Lib\site-packages\PyInstaller\__main__.py", line 70, in run_build
    PyInstaller.building.build_main.main(pyi_config, spec_file, **kwargs)
  File "C:\Users\I763940\AppData\Local\Programs\Python\Python311\Lib\site-packages\PyInstaller\building\build_main.py", line 1275, in main
    build(specfile, distpath, workpath, clean_build)
  File "C:\Users\I763940\AppData\Local\Programs\Python\Python311\Lib\site-packages\PyInstaller\building\build_main.py", line 1213, in build
    exec(code, spec_namespace)
  File "fragment_reconstruction.spec", line 96, in <module>
    coll = COLLECT(
           ^^^^^^^^
  File "C:\Users\I763940\AppData\Local\Programs\Python\Python311\Lib\site-packages\PyInstaller\building\api.py", line 1147, in __init__
    self.__postinit__()
  File "C:\Users\I763940\AppData\Local\Programs\Python\Python311\Lib\site-packages\PyInstaller\building\datastruct.py", line 184, in __postinit__
    self.assemble()
  File "C:\Users\I763940\AppData\Local\Programs\Python\Python311\Lib\site-packages\PyInstaller\building\api.py", line 1159, in assemble
    _make_clean_directory(self.name)
  File "C:\Users\I763940\AppData\Local\Programs\Python\Python311\Lib\site-packages\PyInstaller\building\utils.py", line 396, in _make_clean_directory
    _rmtree(path)
  File "C:\Users\I763940\AppData\Local\Programs\Python\Python311\Lib\site-packages\PyInstaller\building\utils.py", line 421, in _rmtree
    shutil.rmtree(path)
  File "C:\Users\I763940\AppData\Local\Programs\Python\Python311\Lib\shutil.py", line 787, in rmtree
    return _rmtree_unsafe(path, onerror)
           ^^^^^^^^^^^^^^^^^^^^^^^^^^^^^
  File "C:\Users\I763940\AppData\Local\Programs\Python\Python311\Lib\shutil.py", line 629, in _rmtree_unsafe
    _rmtree_unsafe(fullname, onerror)
  File "C:\Users\I763940\AppData\Local\Programs\Python\Python311\Lib\shutil.py", line 638, in _rmtree_unsafe
    onerror(os.rmdir, path, sys.exc_info())
  File "C:\Users\I763940\AppData\Local\Programs\Python\Python311\Lib\shutil.py", line 636, in _rmtree_unsafe
    os.rmdir(path)
OSError: [WinError 145] The directory is not empty: 'C:\\Users\\I763940\\icbv-fragment-reconstruction\\dist\\FragmentReconstruction\\_internal'
