Traceback (most recent call last):
  File "C:\Users\I763940\icbv-fragment-reconstruction\evolve_variant1_weights.py", line 315, in <module>
    main()
  File "C:\Users\I763940\icbv-fragment-reconstruction\evolve_variant1_weights.py", line 290, in main
    print_summary_table(results)
  File "C:\Users\I763940\icbv-fragment-reconstruction\evolve_variant1_weights.py", line 178, in print_summary_table
    print(f"\n\u2717 Target not reached. Gaps: Pos={gap_pos:.1f}%, Neg={gap_neg:.1f}%")
  File "C:\Users\I763940\AppData\Local\Programs\Python\Python311\Lib\encodings\cp1252.py", line 19, in encode
    return codecs.charmap_encode(input,self.errors,encoding_table)[0]
           ^^^^^^^^^^^^^^^^^^^^^^^^^^^^^^^^^^^^^^^^^^^^^^^^^^^^^^^
UnicodeEncodeError: 'charmap' codec can't encode character '\u2717' in position 2: character maps to <undefined>
====================================================================================================
EVOLUTIONARY WEIGHT OPTIMIZATION FOR VARIANT 1
====================================================================================================
Target: 95%+ positive accuracy AND 95%+ negative accuracy
Strategy: Optimize color weight (most discriminative for pottery)
====================================================================================================

====================================================================================================
TESTING: Baseline
Description: Current weights from paper (general object classification)
====================================================================================================

Testing weights: {'color': 0.35, 'raw_compat': 0.25, 'texture': 0.2, 'morphological': 0.15, 'gabor': 0.05}
Running full 45-case test...
Results: Pos=77.8%, Neg=75.0%, Overall=75.6% (Time: 380.2s)

====================================================================================================
TESTING: Iteration 1
Description: Increase color to 0.40, remove gabor (least useful for pottery)
====================================================================================================

Testing weights: {'color': 0.4, 'raw_compat': 0.25, 'texture': 0.2, 'morphological': 0.15, 'gabor': 0.0}
Running full 45-case test...
Results: Pos=77.8%, Neg=75.0%, Overall=75.6% (Time: 459.3s)

====================================================================================================
TESTING: Iteration 2
Description: Increase color to 0.45, reduce texture
====================================================================================================

Testing weights: {'color': 0.45, 'raw_compat': 0.25, 'texture': 0.15, 'morphological': 0.15, 'gabor': 0.0}
Running full 45-case test...
Results: Pos=77.8%, Neg=75.0%, Overall=75.6% (Time: 391.1s)

====================================================================================================
TESTING: Iteration 3
Description: Increase color to 0.50, further reduce texture
====================================================================================================

Testing weights: {'color': 0.5, 'raw_compat': 0.25, 'texture': 0.1, 'morphological': 0.15, 'gabor': 0.0}
Running full 45-case test...
Results: Pos=77.8%, Neg=75.0%, Overall=75.6% (Time: 408.9s)

====================================================================================================
TESTING: Iteration 4
Description: Color at 0.50, balance texture/morph (alternative config)
====================================================================================================

Testing weights: {'color': 0.5, 'raw_compat': 0.25, 'texture': 0.15, 'morphological': 0.1, 'gabor': 0.0}
Running full 45-case test...
Results: Pos=77.8%, Neg=75.0%, Overall=75.6% (Time: 349.2s)

====================================================================================================
TESTING: Iteration 5
Description: Increase color to 0.55, reduce raw compatibility
====================================================================================================

Testing weights: {'color': 0.55, 'raw_compat': 0.2, 'texture': 0.15, 'morphological': 0.1, 'gabor': 0.0}
Running full 45-case test...
Results: Pos=77.8%, Neg=75.0%, Overall=75.6% (Time: 265.3s)

====================================================================================================
EVOLUTIONARY WEIGHT OPTIMIZATION SUMMARY
====================================================================================================
Iteration    Color    Raw      Texture  Morph    Gabor    Pos%     Neg%     Overall%  
----------------------------------------------------------------------------------------------------
Baseline     0.35     0.25     0.20     0.15     0.05     77.8     75.0     75.6      
Iteration 1  0.40     0.25     0.20     0.15     0.00     77.8     75.0     75.6      
Iteration 2  0.45     0.25     0.15     0.15     0.00     77.8     75.0     75.6      
Iteration 3  0.50     0.25     0.10     0.15     0.00     77.8     75.0     75.6      
Iteration 4  0.50     0.25     0.15     0.10     0.00     77.8     75.0     75.6      
Iteration 5  0.55     0.20     0.15     0.10     0.00     77.8     75.0     75.6      
====================================================================================================

BEST CONFIGURATION: Baseline
  Weights: Color=0.35, Raw=0.25, Texture=0.20, Morph=0.15, Gabor=0.05
  Accuracy: Pos=77.8%, Neg=75.0%, Overall=75.6%


ERROR: 'charmap' codec can't encode character '\u2717' in position 2: character maps to <undefined>
