2026-04-11 01:12:40,022 [INFO] main: Log file: outputs\parallel_logs\shard_01_british\run_20260411_011240.log
2026-04-11 01:12:40,026 [INFO] main: Found 6 fragment images in data/examples/positive\shard_01_british
2026-04-11 01:12:40,037 [INFO] preprocessing: RGBA fragment detected — using alpha channel as silhouette mask
2026-04-11 01:12:40,040 [INFO] preprocessing: Extracted contour with 973 boundary points
2026-04-11 01:12:40,040 [INFO] shape_descriptors: Fourier descriptors: 8 coefficients, energy ratio=0.0616
2026-04-11 01:12:40,040 [INFO] shape_descriptors: PCA orientation: centroid=(133.2, 97.1), angle=2.230 rad (127.8°)
2026-04-11 01:12:40,040 [INFO] shape_descriptors: Shape summary [shard_01_british_frag_00]: Fourier=[1.    1.529 0.156 0.332]  PCA_angle=127.77°
2026-04-11 01:12:40,040 [INFO] shape_descriptors: PCA orientation: centroid=(133.2, 97.1), angle=2.230 rad (127.8°)
2026-04-11 01:12:40,055 [INFO] chain_code: Chain code: length=789, segments=4, preview=[0, 0, 0, 0, 0, 7, 2, 7, 1, 0, 0, 1, 0, 1, 7, 1, 7, 2, 7, 1, 0, 6, 2, 5, 1, 1, 1, 7, 7, 1, 7, 0, 1, 6, 0, 7, 0, 1, 7, 2, 7, 1, 7, 7, 2, 7, 1, 1, 7, 1, 7, 1, 1, 7, 2, 6, 1, 7, 7, 1, 6, 7, 2, 2, 0, 4, 2, 7, 0, 1, 6, 3, 1, 6, 0, 0, 7, 0, 0, 0]
2026-04-11 01:12:40,055 [INFO] main: Fragment shard_01_british_frag_00  size=270x281  contour=973 pts  segments=4
2026-04-11 01:12:40,064 [INFO] preprocessing: RGBA fragment detected — using alpha channel as silhouette mask
2026-04-11 01:12:40,066 [INFO] preprocessing: Extracted contour with 1020 boundary points
2026-04-11 01:12:40,067 [INFO] shape_descriptors: Fourier descriptors: 8 coefficients, energy ratio=0.1137
2026-04-11 01:12:40,068 [INFO] shape_descriptors: PCA orientation: centroid=(111.4, 120.3), angle=-2.696 rad (-154.5°)
2026-04-11 01:12:40,068 [INFO] shape_descriptors: Shape summary [shard_01_british_frag_01]: Fourier=[1.    0.767 0.247 0.142]  PCA_angle=-154.47°
2026-04-11 01:12:40,069 [INFO] shape_descriptors: PCA orientation: centroid=(111.4, 120.3), angle=-2.696 rad (-154.5°)
2026-04-11 01:12:40,080 [INFO] chain_code: Chain code: length=883, segments=4, preview=[0, 0, 0, 0, 0, 0, 0, 0, 0, 0, 0, 0, 0, 0, 0, 0, 1, 6, 2, 7, 0, 1, 0, 7, 7, 2, 7, 0, 0, 1, 0, 7, 2, 7, 7, 1, 7, 1, 0, 7, 1, 0, 1, 0, 6, 1, 0, 0, 7, 2, 7, 0, 1, 7, 1, 0, 0, 7, 7, 1, 1, 0, 7, 7, 1, 1, 7, 1, 0, 0, 0, 7, 7, 1, 0, 0, 7, 0, 0, 7]
2026-04-11 01:12:40,080 [INFO] main: Fragment shard_01_british_frag_01  size=286x192  contour=1020 pts  segments=4
2026-04-11 01:12:40,090 [INFO] preprocessing: RGBA fragment detected — using alpha channel as silhouette mask
2026-04-11 01:12:40,090 [INFO] preprocessing: Extracted contour with 947 boundary points
2026-04-11 01:12:40,090 [INFO] shape_descriptors: Fourier descriptors: 8 coefficients, energy ratio=0.1194
2026-04-11 01:12:40,090 [INFO] shape_descriptors: PCA orientation: centroid=(91.0, 200.4), angle=1.323 rad (75.8°)
2026-04-11 01:12:40,090 [INFO] shape_descriptors: Shape summary [shard_01_british_frag_02]: Fourier=[1.    0.154 0.122 0.163]  PCA_angle=75.80°
2026-04-11 01:12:40,090 [INFO] shape_descriptors: PCA orientation: centroid=(91.0, 200.4), angle=1.323 rad (75.8°)
2026-04-11 01:12:40,105 [INFO] chain_code: Chain code: length=858, segments=4, preview=[0, 0, 0, 0, 0, 0, 7, 0, 0, 2, 7, 0, 0, 1, 1, 7, 7, 1, 6, 7, 2, 6, 1, 7, 1, 7, 1, 0, 1, 7, 0, 1, 1, 6, 0, 0, 7, 1, 1, 7, 0, 7, 1, 0, 7, 1, 7, 7, 1, 1, 7, 7, 0, 0, 7, 1, 0, 1, 7, 1, 1, 7, 1, 1, 6, 2, 7, 0, 0, 7, 1, 0, 0, 1, 7, 1, 6, 1, 7, 2]
2026-04-11 01:12:40,105 [INFO] main: Fragment shard_01_british_frag_02  size=194x353  contour=947 pts  segments=4
2026-04-11 01:12:40,117 [INFO] preprocessing: RGBA fragment detected — using alpha channel as silhouette mask
2026-04-11 01:12:40,129 [INFO] preprocessing: Extracted contour with 1254 boundary points
2026-04-11 01:12:40,129 [INFO] shape_descriptors: Fourier descriptors: 8 coefficients, energy ratio=0.1000
2026-04-11 01:12:40,129 [INFO] shape_descriptors: PCA orientation: centroid=(135.8, 238.1), angle=1.747 rad (100.1°)
2026-04-11 01:12:40,131 [INFO] shape_descriptors: Shape summary [shard_01_british_frag_03]: Fourier=[1.    0.323 0.072 0.067]  PCA_angle=100.11°
2026-04-11 01:12:40,131 [INFO] shape_descriptors: PCA orientation: centroid=(135.8, 238.1), angle=1.747 rad (100.1°)
2026-04-11 01:12:40,148 [INFO] chain_code: Chain code: length=1198, segments=4, preview=[0, 0, 0, 0, 0, 0, 0, 0, 0, 1, 0, 1, 7, 1, 6, 1, 1, 6, 2, 7, 7, 0, 7, 7, 1, 6, 0, 2, 7, 0, 1, 7, 1, 0, 7, 1, 7, 1, 0, 0, 7, 1, 0, 1, 0, 0, 1, 6, 1, 7, 1, 0, 0, 0, 0, 0, 0, 1, 7, 0, 0, 0, 0, 0, 7, 1, 0, 0, 1, 7, 1, 7, 0, 0, 0, 7, 1, 0, 0, 7]
2026-04-11 01:12:40,148 [INFO] main: Fragment shard_01_british_frag_03  size=229x440  contour=1254 pts  segments=4
2026-04-11 01:12:40,156 [INFO] preprocessing: RGBA fragment detected — using alpha channel as silhouette mask
2026-04-11 01:12:40,157 [INFO] preprocessing: Extracted contour with 969 boundary points
2026-04-11 01:12:40,157 [INFO] shape_descriptors: Fourier descriptors: 8 coefficients, energy ratio=0.1187
2026-04-11 01:12:40,157 [INFO] shape_descriptors: PCA orientation: centroid=(148.5, 61.7), angle=3.068 rad (175.8°)
2026-04-11 01:12:40,157 [INFO] shape_descriptors: Shape summary [shard_01_british_frag_04]: Fourier=[1.    0.152 0.195 0.266]  PCA_angle=175.77°
2026-04-11 01:12:40,157 [INFO] shape_descriptors: PCA orientation: centroid=(148.5, 61.7), angle=3.068 rad (175.8°)
2026-04-11 01:12:40,173 [INFO] chain_code: Chain code: length=951, segments=4, preview=[0, 0, 0, 0, 0, 0, 0, 0, 0, 0, 0, 0, 0, 0, 2, 6, 0, 1, 7, 1, 7, 1, 7, 0, 1, 0, 0, 0, 0, 7, 6, 0, 0, 0, 0, 0, 0, 0, 0, 0, 1, 7, 0, 0, 0, 0, 0, 0, 0, 0, 0, 0, 0, 0, 1, 7, 0, 0, 0, 0, 0, 0, 0, 0, 0, 0, 0, 1, 7, 0, 0, 0, 0, 0, 0, 0, 0, 0, 0, 0]
2026-04-11 01:12:40,173 [INFO] main: Fragment shard_01_british_frag_04  size=308x162  contour=969 pts  segments=4
2026-04-11 01:12:40,180 [INFO] preprocessing: RGBA fragment detected — using alpha channel as silhouette mask
2026-04-11 01:12:40,182 [INFO] preprocessing: Extracted contour with 765 boundary points
2026-04-11 01:12:40,184 [INFO] shape_descriptors: Fourier descriptors: 8 coefficients, energy ratio=0.1312
2026-04-11 01:12:40,184 [INFO] shape_descriptors: PCA orientation: centroid=(94.7, 168.6), angle=1.399 rad (80.2°)
2026-04-11 01:12:40,184 [INFO] shape_descriptors: Shape summary [shard_01_british_frag_06]: Fourier=[1.    0.348 0.206 0.092]  PCA_angle=80.18°
2026-04-11 01:12:40,184 [INFO] shape_descriptors: PCA orientation: centroid=(94.7, 168.6), angle=1.399 rad (80.2°)
2026-04-11 01:12:40,193 [INFO] chain_code: Chain code: length=701, segments=4, preview=[0, 0, 0, 0, 0, 0, 0, 1, 7, 7, 0, 0, 1, 1, 7, 0, 0, 0, 1, 7, 1, 7, 0, 0, 0, 6, 1, 0, 0, 1, 1, 7, 0, 1, 0, 0, 0, 1, 7, 7, 0, 0, 7, 1, 7, 1, 0, 0, 1, 0, 7, 0, 7, 7, 0, 2, 7, 0, 0, 1, 0, 1, 7, 0, 1, 7, 0, 7, 1, 1, 7, 0, 0, 0, 2, 7, 1, 7, 1, 0]
2026-04-11 01:12:40,193 [INFO] main: Fragment shard_01_british_frag_06  size=159x319  contour=765 pts  segments=4
2026-04-11 01:12:40,198 [INFO] main: Color pre-check (Lecture 71): min_BC=0.821  max_gap=0.043  is_mixed=False
2026-04-11 01:12:40,200 [INFO] compatibility: Extracting appearance features from 6 fragments...
2026-04-11 01:12:41,842 [INFO] compatibility: Fragment 0 features: color=512, texture=26, gabor=240, haralick=60
2026-04-11 01:12:42,594 [INFO] compatibility: Fragment 1 features: color=512, texture=26, gabor=240, haralick=60
2026-04-11 01:12:43,333 [INFO] compatibility: Fragment 2 features: color=512, texture=26, gabor=240, haralick=60
2026-04-11 01:12:44,870 [INFO] compatibility: Fragment 3 features: color=512, texture=26, gabor=240, haralick=60
2026-04-11 01:12:45,585 [INFO] compatibility: Fragment 4 features: color=512, texture=26, gabor=240, haralick=60
2026-04-11 01:12:46,282 [INFO] compatibility: Fragment 5 features: color=512, texture=26, gabor=240, haralick=60
2026-04-11 01:12:46,285 [INFO] compatibility: Appearance similarity (color): min=0.803  mean=0.909  max=0.975
2026-04-11 01:12:46,285 [INFO] compatibility: Appearance similarity (texture): min=0.985  mean=0.994  max=1.000
2026-04-11 01:12:46,285 [INFO] compatibility: Appearance similarity (gabor): min=0.991  mean=0.999  max=1.000
2026-04-11 01:12:46,287 [INFO] compatibility: Appearance similarity (haralick): min=0.993  mean=0.997  max=1.000
2026-04-11 01:12:47,202 [INFO] compatibility: Compatibility matrix built: shape=(6, 4, 6, 4), mean=0.2261, max=0.8184
2026-04-11 01:12:47,202 [INFO] main: Pairwise compatibility matrix (mean over segments):
2026-04-11 01:12:47,202 [INFO] main:          shard_01_british_frag_00  shard_01_british_frag_01  shard_01_british_frag_02  shard_01_british_frag_03  shard_01_british_frag_04  shard_01_british_frag_06
2026-04-11 01:12:47,202 [INFO] main: shard_01_british_frag_00      0.0000      0.0000      0.7428      0.0000      0.0000      0.5771
2026-04-11 01:12:47,204 [INFO] main: shard_01_british_frag_01      0.0000      0.0000      0.0000      0.6640      0.7336      0.0000
2026-04-11 01:12:47,204 [INFO] main: shard_01_british_frag_02      0.7153      0.0000      0.0000      0.0000      0.0000      0.7159
2026-04-11 01:12:47,204 [INFO] main: shard_01_british_frag_03      0.0000      0.6705      0.0000      0.0000      0.6503      0.0000
2026-04-11 01:12:47,204 [INFO] main: shard_01_british_frag_04      0.0000      0.7212      0.0000      0.6327      0.0000      0.0000
2026-04-11 01:12:47,204 [INFO] main: shard_01_british_frag_06      0.5754      0.0000      0.7405      0.0000      0.0000      0.0000
2026-04-11 01:12:47,307 [INFO] relaxation: Reached maximum of 50 iterations without convergence.
2026-04-11 01:12:47,307 [INFO] main: Convergence trace (50 iterations): 0.007217, 0.005876, 0.005151, 0.004773, 0.004463, 0.004203, 0.003981, 0.003786, 0.003612, 0.003453, 0.003306, 0.003169, 0.003040, 0.002917, 0.002799, 0.002686, 0.002576, 0.002471, 0.002433, 0.002460, 0.002484, 0.002507, 0.002529, 0.002550, 0.002569, 0.002588, 0.002605, 0.002622, 0.002639, 0.002654, 0.002669, 0.002684, 0.002698, 0.002711, 0.002723, 0.002735, 0.002746, 0.002757, 0.002766, 0.002776, 0.002784, 0.002792, 0.002799, 0.002805, 0.002811, 0.002816, 0.002820, 0.002823, 0.002826, 0.002828
2026-04-11 01:12:47,309 [INFO] main: Applying Track 3 (Ensemble Voting) post-processing...
2026-04-11 01:12:47,309 [INFO] ensemble_postprocess: ============================================================
2026-04-11 01:12:47,309 [INFO] ensemble_postprocess: ENSEMBLE POST-PROCESSING (Track 3)
2026-04-11 01:12:47,309 [INFO] ensemble_postprocess: ============================================================
2026-04-11 01:12:47,328 [INFO] ensemble_postprocess: Pre-computed morphological features for 6 fragments
2026-04-11 01:12:47,392 [INFO] ensemble_postprocess: ============================================================
2026-04-11 01:12:47,392 [INFO] ensemble_postprocess: ENSEMBLE POST-PROCESSING SUMMARY
2026-04-11 01:12:47,392 [INFO] ensemble_postprocess: ============================================================
2026-04-11 01:12:47,394 [INFO] ensemble_postprocess: Total pairs re-classified: 27
2026-04-11 01:12:47,396 [INFO] ensemble_postprocess: Assemblies with verdict changes: 3 / 3
2026-04-11 01:12:47,396 [INFO] ensemble_postprocess: ============================================================
2026-04-11 01:12:47,396 [INFO] main: ============================================================
2026-04-11 01:12:47,396 [INFO] main: ============================================================
2026-04-11 01:12:47,396 [INFO] main: Assembly #1  verdict=MATCH       confidence=0.1794  pairs: 10 MATCH / 0 WEAK / 2 NO_MATCH
2026-04-11 01:12:47,421 [INFO] main: Assembly #2  verdict=MATCH       confidence=0.1837  pairs: 11 MATCH / 0 WEAK / 1 NO_MATCH
2026-04-11 01:12:47,437 [INFO] main: Assembly #3  verdict=MATCH       confidence=0.1767  pairs: 10 MATCH / 0 WEAK / 2 NO_MATCH
2026-04-11 01:12:47,456 [INFO] main: ============================================================
2026-04-11 01:13:07,033 [INFO] main: Pipeline completed in 27.01 seconds.
