2026-04-11 01:14:34,665 [INFO] main: Log file: outputs\parallel_logs\gettyimages-2177809001-1024x1024\run_20260411_011434.log
2026-04-11 01:14:34,669 [INFO] main: Found 6 fragment images in data/examples/positive\gettyimages-2177809001-1024x1024
2026-04-11 01:14:34,702 [INFO] preprocessing: RGBA fragment detected — using alpha channel as silhouette mask
2026-04-11 01:14:34,719 [INFO] preprocessing: Extracted contour with 2630 boundary points
2026-04-11 01:14:34,721 [INFO] shape_descriptors: Fourier descriptors: 8 coefficients, energy ratio=0.0445
2026-04-11 01:14:34,723 [INFO] shape_descriptors: PCA orientation: centroid=(279.3, 326.4), angle=1.401 rad (80.3°)
2026-04-11 01:14:34,723 [INFO] shape_descriptors: Shape summary [gettyimages-2177809001-1024x1024_frag_00]: Fourier=[1.    0.509 0.277 0.204]  PCA_angle=80.27°
2026-04-11 01:14:34,723 [INFO] shape_descriptors: PCA orientation: centroid=(279.3, 326.4), angle=1.401 rad (80.3°)
2026-04-11 01:14:34,780 [INFO] chain_code: Chain code: length=2464, segments=4, preview=[0, 0, 0, 0, 0, 0, 0, 1, 7, 7, 0, 0, 1, 1, 7, 0, 0, 0, 0, 1, 0, 0, 7, 0, 7, 2, 6, 1, 0, 0, 0, 2, 7, 0, 1, 7, 1, 0, 0, 0, 7, 7, 0, 7, 7, 1, 6, 2, 6, 1, 7, 1, 7, 1, 1, 7, 1, 7, 1, 0, 1, 0, 0, 1, 7, 0, 1, 1, 7, 1, 7, 2, 6, 1, 7, 1, 7, 7, 2, 7]
2026-04-11 01:14:34,780 [INFO] main: Fragment gettyimages-2177809001-1024x1024_frag_00  size=544x734  contour=2630 pts  segments=4
2026-04-11 01:14:34,810 [INFO] preprocessing: RGBA fragment detected — using alpha channel as silhouette mask
2026-04-11 01:14:34,819 [INFO] preprocessing: Extracted contour with 2392 boundary points
2026-04-11 01:14:34,819 [INFO] shape_descriptors: Fourier descriptors: 8 coefficients, energy ratio=0.0345
2026-04-11 01:14:34,821 [INFO] shape_descriptors: PCA orientation: centroid=(348.7, 227.4), angle=-2.538 rad (-145.4°)
2026-04-11 01:14:34,822 [INFO] shape_descriptors: Shape summary [gettyimages-2177809001-1024x1024_frag_01]: Fourier=[1.    0.904 0.549 0.233]  PCA_angle=-145.44°
2026-04-11 01:14:34,823 [INFO] shape_descriptors: PCA orientation: centroid=(348.7, 227.4), angle=-2.538 rad (-145.4°)
2026-04-11 01:14:34,862 [INFO] chain_code: Chain code: length=2002, segments=4, preview=[0, 0, 0, 0, 0, 0, 1, 1, 6, 2, 6, 2, 7, 7, 1, 1, 7, 1, 6, 1, 1, 7, 2, 6, 0, 1, 6, 1, 1, 7, 1, 0, 7, 7, 0, 6, 1, 7, 2, 0, 6, 3, 7, 1, 1, 7, 1, 6, 2, 6, 1, 7, 2, 7, 1, 7, 1, 0, 7, 7, 7, 2, 7, 5, 2, 7, 1, 7, 1, 7, 1, 7, 1, 7, 1, 0, 2, 7, 2, 7]
2026-04-11 01:14:34,863 [INFO] main: Fragment gettyimages-2177809001-1024x1024_frag_01  size=637x559  contour=2392 pts  segments=4
2026-04-11 01:14:34,873 [INFO] preprocessing: RGBA fragment detected — using alpha channel as silhouette mask
2026-04-11 01:14:34,876 [INFO] preprocessing: Extracted contour with 1000 boundary points
2026-04-11 01:14:34,878 [INFO] shape_descriptors: Fourier descriptors: 8 coefficients, energy ratio=0.0239
2026-04-11 01:14:34,879 [INFO] shape_descriptors: PCA orientation: centroid=(138.8, 193.8), angle=1.410 rad (80.8°)
2026-04-11 01:14:34,880 [INFO] shape_descriptors: Shape summary [gettyimages-2177809001-1024x1024_frag_02]: Fourier=[1.    0.578 0.288 0.186]  PCA_angle=80.79°
2026-04-11 01:14:34,881 [INFO] shape_descriptors: PCA orientation: centroid=(138.8, 193.8), angle=1.410 rad (80.8°)
2026-04-11 01:14:34,897 [INFO] chain_code: Chain code: length=925, segments=4, preview=[0, 0, 0, 0, 0, 0, 1, 6, 7, 1, 7, 1, 7, 0, 1, 7, 2, 6, 0, 0, 0, 7, 1, 0, 0, 1, 7, 0, 0, 0, 0, 1, 7, 1, 0, 0, 1, 0, 0, 0, 0, 1, 0, 7, 0, 7, 1, 0, 1, 7, 0, 0, 0, 0, 0, 1, 7, 0, 0, 0, 2, 7, 7, 0, 7, 7, 1, 0, 1, 6, 1, 7, 1, 0, 0, 2, 7, 7, 0, 7]
2026-04-11 01:14:34,897 [INFO] main: Fragment gettyimages-2177809001-1024x1024_frag_02  size=280x333  contour=1000 pts  segments=4
2026-04-11 01:14:34,908 [INFO] preprocessing: RGBA fragment detected — using alpha channel as silhouette mask
2026-04-11 01:14:34,910 [INFO] preprocessing: Extracted contour with 1111 boundary points
2026-04-11 01:14:34,911 [INFO] shape_descriptors: Fourier descriptors: 8 coefficients, energy ratio=0.0543
2026-04-11 01:14:34,911 [INFO] shape_descriptors: PCA orientation: centroid=(205.5, 188.7), angle=-2.859 rad (-163.8°)
2026-04-11 01:14:34,911 [INFO] shape_descriptors: Shape summary [gettyimages-2177809001-1024x1024_frag_03]: Fourier=[1.    1.394 0.402 0.177]  PCA_angle=-163.84°
2026-04-11 01:14:34,911 [INFO] shape_descriptors: PCA orientation: centroid=(205.5, 188.7), angle=-2.859 rad (-163.8°)
2026-04-11 01:14:34,927 [INFO] chain_code: Chain code: length=1003, segments=4, preview=[0, 0, 0, 0, 0, 0, 1, 7, 2, 0, 7, 7, 0, 0, 7, 7, 0, 1, 7, 0, 1, 0, 0, 7, 0, 0, 7, 1, 0, 0, 7, 1, 0, 7, 1, 0, 7, 1, 0, 7, 1, 0, 0, 7, 1, 0, 0, 7, 1, 0, 7, 1, 0, 0, 7, 1, 0, 7, 1, 0, 7, 1, 0, 0, 7, 1, 0, 7, 1, 0, 0, 7, 1, 0, 7, 1, 0, 0, 7, 1]
2026-04-11 01:14:34,927 [INFO] main: Fragment gettyimages-2177809001-1024x1024_frag_03  size=404x283  contour=1111 pts  segments=4
2026-04-11 01:14:34,944 [INFO] preprocessing: RGBA fragment detected — using alpha channel as silhouette mask
2026-04-11 01:14:34,950 [INFO] preprocessing: Extracted contour with 1656 boundary points
2026-04-11 01:14:34,950 [INFO] shape_descriptors: Fourier descriptors: 8 coefficients, energy ratio=0.1179
2026-04-11 01:14:34,950 [INFO] shape_descriptors: PCA orientation: centroid=(141.4, 287.4), angle=1.266 rad (72.5°)
2026-04-11 01:14:34,953 [INFO] shape_descriptors: Shape summary [gettyimages-2177809001-1024x1024_frag_04]: Fourier=[1.    0.169 0.239 0.123]  PCA_angle=72.51°
2026-04-11 01:14:34,953 [INFO] shape_descriptors: PCA orientation: centroid=(141.4, 287.4), angle=1.266 rad (72.5°)
2026-04-11 01:14:34,977 [INFO] chain_code: Chain code: length=1426, segments=4, preview=[0, 0, 0, 0, 0, 0, 0, 0, 1, 7, 0, 0, 7, 0, 7, 0, 0, 7, 1, 1, 7, 0, 1, 1, 7, 0, 0, 1, 1, 7, 0, 1, 6, 0, 7, 1, 0, 2, 7, 0, 1, 7, 0, 2, 6, 0, 0, 7, 0, 0, 1, 0, 0, 1, 7, 0, 1, 6, 0, 0, 6, 2, 6, 7, 1, 0, 1, 0, 7, 1, 2, 6, 2, 7, 1, 0, 1, 7, 0, 1]
2026-04-11 01:14:34,978 [INFO] main: Fragment gettyimages-2177809001-1024x1024_frag_04  size=313x554  contour=1656 pts  segments=4
2026-04-11 01:14:34,989 [INFO] preprocessing: RGBA fragment detected — using alpha channel as silhouette mask
2026-04-11 01:14:34,992 [INFO] preprocessing: Extracted contour with 1230 boundary points
2026-04-11 01:14:34,994 [INFO] shape_descriptors: Fourier descriptors: 8 coefficients, energy ratio=0.0530
2026-04-11 01:14:34,995 [INFO] shape_descriptors: PCA orientation: centroid=(145.2, 225.1), angle=1.895 rad (108.6°)
2026-04-11 01:14:34,995 [INFO] shape_descriptors: Shape summary [gettyimages-2177809001-1024x1024_frag_06]: Fourier=[1.    0.39  0.546 0.12 ]  PCA_angle=108.58°
2026-04-11 01:14:34,995 [INFO] shape_descriptors: PCA orientation: centroid=(145.2, 225.1), angle=1.895 rad (108.6°)
2026-04-11 01:14:35,011 [INFO] chain_code: Chain code: length=1115, segments=4, preview=[0, 0, 0, 0, 0, 6, 1, 0, 1, 0, 7, 1, 6, 1, 0, 1, 0, 7, 2, 7, 0, 7, 7, 7, 2, 7, 2, 7, 0, 7, 2, 6, 6, 2, 0, 7, 1, 0, 0, 0, 6, 1, 7, 1, 0, 1, 0, 7, 1, 0, 0, 1, 0, 6, 1, 7, 7, 0, 1, 0, 1, 0, 7, 1, 0, 7, 1, 0, 1, 7, 2, 0, 7, 1, 0, 1, 6, 2, 6, 2]
2026-04-11 01:14:35,013 [INFO] main: Fragment gettyimages-2177809001-1024x1024_frag_06  size=252x389  contour=1230 pts  segments=4
2026-04-11 01:14:35,025 [INFO] main: Color pre-check (Lecture 71): min_BC=0.922  max_gap=0.017  is_mixed=False
2026-04-11 01:14:35,028 [INFO] compatibility: Extracting appearance features from 6 fragments...
2026-04-11 01:14:41,630 [INFO] compatibility: Fragment 0 features: color=512, texture=26, gabor=240, haralick=60
2026-04-11 01:14:45,494 [INFO] compatibility: Fragment 1 features: color=512, texture=26, gabor=240, haralick=60
2026-04-11 01:14:47,023 [INFO] compatibility: Fragment 2 features: color=512, texture=26, gabor=240, haralick=60
2026-04-11 01:14:48,548 [INFO] compatibility: Fragment 3 features: color=512, texture=26, gabor=240, haralick=60
2026-04-11 01:14:50,843 [INFO] compatibility: Fragment 4 features: color=512, texture=26, gabor=240, haralick=60
2026-04-11 01:14:52,417 [INFO] compatibility: Fragment 5 features: color=512, texture=26, gabor=240, haralick=60
2026-04-11 01:14:52,422 [INFO] compatibility: Appearance similarity (color): min=0.883  mean=0.940  max=0.985
2026-04-11 01:14:52,422 [INFO] compatibility: Appearance similarity (texture): min=0.997  mean=0.999  max=1.000
2026-04-11 01:14:52,422 [INFO] compatibility: Appearance similarity (gabor): min=1.000  mean=1.000  max=1.000
2026-04-11 01:14:52,422 [INFO] compatibility: Appearance similarity (haralick): min=0.998  mean=0.999  max=1.000
2026-04-11 01:14:54,523 [INFO] compatibility: Compatibility matrix built: shape=(6, 4, 6, 4), mean=0.5163, max=0.7775
2026-04-11 01:14:54,523 [INFO] main: Pairwise compatibility matrix (mean over segments):
2026-04-11 01:14:54,523 [INFO] main:          gettyimages-2177809001-1024x1024_frag_00  gettyimages-2177809001-1024x1024_frag_01  gettyimages-2177809001-1024x1024_frag_02  gettyimages-2177809001-1024x1024_frag_03  gettyimages-2177809001-1024x1024_frag_04  gettyimages-2177809001-1024x1024_frag_06
2026-04-11 01:14:54,525 [INFO] main: gettyimages-2177809001-1024x1024_frag_00      0.0000      0.6613      0.5289      0.6547      0.6250      0.4903
2026-04-11 01:14:54,525 [INFO] main: gettyimages-2177809001-1024x1024_frag_01      0.6496      0.0000      0.7064      0.6015      0.6994      0.6540
2026-04-11 01:14:54,525 [INFO] main: gettyimages-2177809001-1024x1024_frag_02      0.5332      0.7256      0.0000      0.6291      0.6991      0.6461
2026-04-11 01:14:54,526 [INFO] main: gettyimages-2177809001-1024x1024_frag_03      0.6652      0.6226      0.6336      0.0000      0.6553      0.5176
2026-04-11 01:14:54,526 [INFO] main: gettyimages-2177809001-1024x1024_frag_04      0.6233      0.7102      0.6917      0.6437      0.0000      0.5054
2026-04-11 01:14:54,526 [INFO] main: gettyimages-2177809001-1024x1024_frag_06      0.4902      0.6657      0.6411      0.5100      0.5066      0.0000
2026-04-11 01:14:54,623 [INFO] relaxation: Reached maximum of 50 iterations without convergence.
2026-04-11 01:14:54,623 [INFO] main: Convergence trace (50 iterations): 0.002376, 0.002225, 0.002175, 0.002122, 0.002068, 0.002013, 0.001958, 0.001905, 0.001852, 0.001802, 0.001753, 0.001708, 0.001664, 0.001645, 0.001648, 0.001651, 0.001654, 0.001657, 0.001659, 0.001661, 0.001663, 0.001665, 0.001666, 0.001667, 0.001668, 0.001669, 0.001670, 0.001670, 0.001670, 0.001670, 0.001670, 0.001670, 0.001669, 0.001668, 0.001667, 0.001665, 0.001664, 0.001662, 0.001659, 0.001657, 0.001654, 0.001650, 0.001647, 0.001643, 0.001639, 0.001635, 0.001631, 0.001627, 0.001622, 0.001617
2026-04-11 01:14:54,625 [INFO] main: Applying Track 3 (Ensemble Voting) post-processing...
2026-04-11 01:14:54,625 [INFO] ensemble_postprocess: ============================================================
2026-04-11 01:14:54,625 [INFO] ensemble_postprocess: ENSEMBLE POST-PROCESSING (Track 3)
2026-04-11 01:14:54,625 [INFO] ensemble_postprocess: ============================================================
2026-04-11 01:14:54,654 [INFO] ensemble_postprocess: Pre-computed morphological features for 6 fragments
2026-04-11 01:14:54,684 [INFO] ensemble_postprocess: ============================================================
2026-04-11 01:14:54,684 [INFO] ensemble_postprocess: ENSEMBLE POST-PROCESSING SUMMARY
2026-04-11 01:14:54,684 [INFO] ensemble_postprocess: ============================================================
2026-04-11 01:14:54,684 [INFO] ensemble_postprocess: Total pairs re-classified: 16
2026-04-11 01:14:54,687 [INFO] ensemble_postprocess: Assemblies with verdict changes: 3 / 3
2026-04-11 01:14:54,687 [INFO] ensemble_postprocess: ============================================================
2026-04-11 01:14:54,687 [INFO] main: ============================================================
2026-04-11 01:14:54,689 [INFO] main: ============================================================
2026-04-11 01:14:54,689 [INFO] main: Assembly #1  verdict=MATCH       confidence=0.0754  pairs: 6 MATCH / 0 WEAK / 6 NO_MATCH
2026-04-11 01:14:54,703 [INFO] main: Assembly #2  verdict=MATCH       confidence=0.0776  pairs: 5 MATCH / 0 WEAK / 7 NO_MATCH
2026-04-11 01:14:54,722 [INFO] main: Assembly #3  verdict=MATCH       confidence=0.0772  pairs: 5 MATCH / 0 WEAK / 7 NO_MATCH
2026-04-11 01:14:54,734 [INFO] main: ============================================================
2026-04-11 01:15:08,550 [INFO] main: Pipeline completed in 33.88 seconds.
