2026-04-11 01:14:34,630 [INFO] main: Log file: outputs\parallel_logs\gettyimages-170096524-1024x1024\run_20260411_011434.log
2026-04-11 01:14:34,633 [INFO] main: Found 6 fragment images in data/examples/positive\gettyimages-170096524-1024x1024
2026-04-11 01:14:34,662 [INFO] preprocessing: RGBA fragment detected — using alpha channel as silhouette mask
2026-04-11 01:14:34,678 [INFO] preprocessing: Extracted contour with 2059 boundary points
2026-04-11 01:14:34,680 [INFO] shape_descriptors: Fourier descriptors: 8 coefficients, energy ratio=0.1258
2026-04-11 01:14:34,680 [INFO] shape_descriptors: PCA orientation: centroid=(298.3, 263.1), angle=2.325 rad (133.2°)
2026-04-11 01:14:34,680 [INFO] shape_descriptors: Shape summary [gettyimages-170096524-1024x1024_frag_00]: Fourier=[1.    0.111 0.059 0.034]  PCA_angle=133.19°
2026-04-11 01:14:34,682 [INFO] shape_descriptors: PCA orientation: centroid=(298.3, 263.1), angle=2.325 rad (133.2°)
2026-04-11 01:14:34,708 [INFO] chain_code: Chain code: length=1596, segments=4, preview=[0, 0, 0, 0, 0, 0, 0, 0, 1, 6, 1, 1, 6, 1, 1, 7, 7, 2, 7, 0, 0, 0, 7, 2, 7, 0, 0, 0, 1, 6, 1, 1, 0, 1, 0, 0, 7, 7, 2, 4, 2, 0, 0, 0, 0, 0, 1, 7, 2, 7, 0, 7, 2, 7, 1, 0, 1, 7, 1, 7, 1, 7, 0, 0, 0, 1, 7, 0, 0, 7, 7, 2, 0, 0, 0, 1, 7, 0, 1, 7]
2026-04-11 01:14:34,708 [INFO] main: Fragment gettyimages-170096524-1024x1024_frag_00  size=560x548  contour=2059 pts  segments=4
2026-04-11 01:14:34,727 [INFO] preprocessing: RGBA fragment detected — using alpha channel as silhouette mask
2026-04-11 01:14:34,734 [INFO] preprocessing: Extracted contour with 1676 boundary points
2026-04-11 01:14:34,735 [INFO] shape_descriptors: Fourier descriptors: 8 coefficients, energy ratio=0.1078
2026-04-11 01:14:34,736 [INFO] shape_descriptors: PCA orientation: centroid=(176.5, 173.6), angle=2.322 rad (133.1°)
2026-04-11 01:14:34,736 [INFO] shape_descriptors: Shape summary [gettyimages-170096524-1024x1024_frag_01]: Fourier=[1.    0.572 0.125 0.124]  PCA_angle=133.07°
2026-04-11 01:14:34,736 [INFO] shape_descriptors: PCA orientation: centroid=(176.5, 173.6), angle=2.322 rad (133.1°)
2026-04-11 01:14:34,757 [INFO] chain_code: Chain code: length=1317, segments=4, preview=[0, 0, 0, 0, 0, 0, 2, 0, 6, 7, 7, 1, 0, 0, 1, 0, 0, 1, 7, 1, 7, 0, 2, 5, 0, 0, 0, 0, 0, 7, 2, 0, 0, 7, 1, 0, 0, 0, 0, 7, 1, 0, 7, 1, 0, 2, 7, 7, 0, 0, 1, 7, 2, 7, 7, 1, 1, 0, 0, 7, 1, 6, 0, 1, 7, 7, 0, 1, 6, 1, 1, 0, 6, 1, 1, 7, 7, 2, 1, 7]
2026-04-11 01:14:34,757 [INFO] main: Fragment gettyimages-170096524-1024x1024_frag_01  size=483x431  contour=1676 pts  segments=4
2026-04-11 01:14:34,767 [INFO] preprocessing: RGBA fragment detected — using alpha channel as silhouette mask
2026-04-11 01:14:34,770 [INFO] preprocessing: Extracted contour with 1473 boundary points
2026-04-11 01:14:34,771 [INFO] shape_descriptors: Fourier descriptors: 8 coefficients, energy ratio=0.1338
2026-04-11 01:14:34,772 [INFO] shape_descriptors: PCA orientation: centroid=(153.9, 184.9), angle=1.978 rad (113.3°)
2026-04-11 01:14:34,773 [INFO] shape_descriptors: Shape summary [gettyimages-170096524-1024x1024_frag_02]: Fourier=[1.    0.589 0.738 0.246]  PCA_angle=113.31°
2026-04-11 01:14:34,774 [INFO] shape_descriptors: PCA orientation: centroid=(153.9, 184.9), angle=1.978 rad (113.3°)
2026-04-11 01:14:34,794 [INFO] chain_code: Chain code: length=1230, segments=4, preview=[0, 0, 0, 0, 0, 0, 0, 7, 7, 2, 0, 1, 7, 0, 1, 6, 2, 0, 0, 0, 7, 0, 1, 0, 7, 2, 6, 2, 7, 0, 1, 6, 1, 1, 7, 0, 1, 6, 2, 7, 1, 0, 7, 1, 7, 1, 0, 7, 1, 6, 2, 7, 1, 6, 2, 7, 1, 0, 0, 0, 0, 1, 6, 7, 2, 1, 6, 1, 1, 7, 0, 0, 1, 0, 7, 0, 1, 0, 7, 1]
2026-04-11 01:14:34,794 [INFO] main: Fragment gettyimages-170096524-1024x1024_frag_02  size=292x349  contour=1473 pts  segments=4
2026-04-11 01:14:34,813 [INFO] preprocessing: RGBA fragment detected — using alpha channel as silhouette mask
2026-04-11 01:14:34,817 [INFO] preprocessing: Extracted contour with 1487 boundary points
2026-04-11 01:14:34,818 [INFO] shape_descriptors: Fourier descriptors: 8 coefficients, energy ratio=0.1391
2026-04-11 01:14:34,819 [INFO] shape_descriptors: PCA orientation: centroid=(167.0, 322.6), angle=1.527 rad (87.5°)
2026-04-11 01:14:34,819 [INFO] shape_descriptors: Shape summary [gettyimages-170096524-1024x1024_frag_03]: Fourier=[1.    0.377 0.071 0.062]  PCA_angle=87.48°
2026-04-11 01:14:34,819 [INFO] shape_descriptors: PCA orientation: centroid=(167.0, 322.6), angle=1.527 rad (87.5°)
2026-04-11 01:14:34,850 [INFO] chain_code: Chain code: length=1467, segments=4, preview=[0, 0, 0, 0, 0, 0, 0, 0, 0, 0, 0, 0, 0, 0, 0, 0, 0, 0, 0, 0, 0, 0, 6, 1, 7, 1, 7, 1, 0, 0, 0, 0, 0, 7, 1, 7, 1, 0, 7, 7, 1, 0, 0, 0, 1, 7, 1, 7, 1, 7, 0, 0, 0, 1, 7, 1, 7, 2, 0, 0, 7, 1, 7, 7, 1, 7, 1, 7, 2, 6, 1, 7, 7, 0, 0, 1, 7, 0, 1, 0]
2026-04-11 01:14:34,850 [INFO] main: Fragment gettyimages-170096524-1024x1024_frag_03  size=252x600  contour=1487 pts  segments=4
2026-04-11 01:14:34,864 [INFO] preprocessing: RGBA fragment detected — using alpha channel as silhouette mask
2026-04-11 01:14:34,867 [INFO] preprocessing: Extracted contour with 1572 boundary points
2026-04-11 01:14:34,869 [INFO] shape_descriptors: Fourier descriptors: 8 coefficients, energy ratio=0.1055
2026-04-11 01:14:34,869 [INFO] shape_descriptors: PCA orientation: centroid=(101.1, 236.4), angle=1.736 rad (99.5°)
2026-04-11 01:14:34,870 [INFO] shape_descriptors: Shape summary [gettyimages-170096524-1024x1024_frag_04]: Fourier=[1.    0.305 0.181 0.025]  PCA_angle=99.49°
2026-04-11 01:14:34,871 [INFO] shape_descriptors: PCA orientation: centroid=(101.1, 236.4), angle=1.736 rad (99.5°)
2026-04-11 01:14:34,897 [INFO] chain_code: Chain code: length=1486, segments=4, preview=[0, 0, 0, 0, 0, 0, 0, 1, 7, 1, 7, 0, 7, 7, 0, 5, 2, 7, 1, 7, 1, 7, 1, 1, 7, 1, 0, 0, 0, 1, 7, 0, 0, 6, 0, 1, 7, 0, 0, 1, 0, 1, 0, 7, 1, 1, 7, 1, 0, 0, 1, 7, 1, 7, 1, 7, 1, 7, 2, 7, 1, 6, 2, 0, 0, 7, 0, 6, 2, 7, 1, 7, 0, 0, 1, 7, 7, 0, 0, 0]
2026-04-11 01:14:34,897 [INFO] main: Fragment gettyimages-170096524-1024x1024_frag_04  size=246x505  contour=1572 pts  segments=4
2026-04-11 01:14:34,919 [INFO] preprocessing: RGBA fragment detected — using alpha channel as silhouette mask
2026-04-11 01:14:34,925 [INFO] preprocessing: Extracted contour with 1902 boundary points
2026-04-11 01:14:34,927 [INFO] shape_descriptors: Fourier descriptors: 8 coefficients, energy ratio=0.0846
2026-04-11 01:14:34,927 [INFO] shape_descriptors: PCA orientation: centroid=(267.7, 209.2), angle=-3.073 rad (-176.0°)
2026-04-11 01:14:34,927 [INFO] shape_descriptors: Shape summary [gettyimages-170096524-1024x1024_frag_05]: Fourier=[1.    0.377 0.246 0.07 ]  PCA_angle=-176.05°
2026-04-11 01:14:34,929 [INFO] shape_descriptors: PCA orientation: centroid=(267.7, 209.2), angle=-3.073 rad (-176.0°)
2026-04-11 01:14:34,970 [INFO] chain_code: Chain code: length=1867, segments=4, preview=[0, 0, 0, 0, 0, 0, 0, 0, 0, 0, 0, 0, 0, 7, 1, 0, 0, 0, 0, 0, 0, 0, 0, 0, 0, 0, 0, 0, 7, 1, 0, 0, 0, 0, 0, 0, 0, 0, 0, 0, 0, 0, 7, 1, 0, 0, 0, 0, 0, 0, 0, 0, 0, 0, 0, 0, 0, 7, 1, 0, 0, 0, 0, 0, 0, 0, 0, 0, 0, 0, 0, 7, 1, 0, 0, 0, 0, 0, 0, 0]
2026-04-11 01:14:34,970 [INFO] main: Fragment gettyimages-170096524-1024x1024_frag_05  size=589x337  contour=1902 pts  segments=4
2026-04-11 01:14:34,978 [INFO] main: Color pre-check (Lecture 71): min_BC=0.961  max_gap=0.011  is_mixed=False
2026-04-11 01:14:34,982 [INFO] compatibility: Extracting appearance features from 6 fragments...
2026-04-11 01:14:40,415 [INFO] compatibility: Fragment 0 features: color=512, texture=26, gabor=240, haralick=60
2026-04-11 01:14:43,166 [INFO] compatibility: Fragment 1 features: color=512, texture=26, gabor=240, haralick=60
2026-04-11 01:14:44,736 [INFO] compatibility: Fragment 2 features: color=512, texture=26, gabor=240, haralick=60
2026-04-11 01:14:47,114 [INFO] compatibility: Fragment 3 features: color=512, texture=26, gabor=240, haralick=60
2026-04-11 01:14:49,253 [INFO] compatibility: Fragment 4 features: color=512, texture=26, gabor=240, haralick=60
2026-04-11 01:14:51,431 [INFO] compatibility: Fragment 5 features: color=512, texture=26, gabor=240, haralick=60
2026-04-11 01:14:51,434 [INFO] compatibility: Appearance similarity (color): min=0.948  mean=0.980  max=0.996
2026-04-11 01:14:51,435 [INFO] compatibility: Appearance similarity (texture): min=0.998  mean=1.000  max=1.000
2026-04-11 01:14:51,435 [INFO] compatibility: Appearance similarity (gabor): min=1.000  mean=1.000  max=1.000
2026-04-11 01:14:51,435 [INFO] compatibility: Appearance similarity (haralick): min=0.999  mean=1.000  max=1.000
2026-04-11 01:14:54,016 [INFO] compatibility: Compatibility matrix built: shape=(6, 4, 6, 4), mean=0.5970, max=0.9008
2026-04-11 01:14:54,016 [INFO] main: Pairwise compatibility matrix (mean over segments):
2026-04-11 01:14:54,016 [INFO] main:          gettyimages-170096524-1024x1024_frag_00  gettyimages-170096524-1024x1024_frag_01  gettyimages-170096524-1024x1024_frag_02  gettyimages-170096524-1024x1024_frag_03  gettyimages-170096524-1024x1024_frag_04  gettyimages-170096524-1024x1024_frag_05
2026-04-11 01:14:54,016 [INFO] main: gettyimages-170096524-1024x1024_frag_00      0.0000      0.7284      0.6796      0.7174      0.6937      0.7340
2026-04-11 01:14:54,019 [INFO] main: gettyimages-170096524-1024x1024_frag_01      0.7568      0.0000      0.7387      0.7418      0.7451      0.7427
2026-04-11 01:14:54,019 [INFO] main: gettyimages-170096524-1024x1024_frag_02      0.6728      0.7045      0.0000      0.6325      0.6852      0.6683
2026-04-11 01:14:54,019 [INFO] main: gettyimages-170096524-1024x1024_frag_03      0.7450      0.7418      0.6616      0.0000      0.7236      0.7592
2026-04-11 01:14:54,019 [INFO] main: gettyimages-170096524-1024x1024_frag_04      0.7039      0.7278      0.7019      0.7071      0.0000      0.6994
2026-04-11 01:14:54,019 [INFO] main: gettyimages-170096524-1024x1024_frag_05      0.7614      0.7427      0.7000      0.7592      0.7157      0.0000
2026-04-11 01:14:54,156 [INFO] relaxation: Reached maximum of 50 iterations without convergence.
2026-04-11 01:14:54,156 [INFO] main: Convergence trace (50 iterations): 0.002708, 0.002683, 0.002655, 0.002623, 0.002589, 0.002553, 0.002514, 0.002475, 0.002435, 0.002394, 0.002352, 0.002311, 0.002275, 0.002256, 0.002236, 0.002216, 0.002196, 0.002176, 0.002156, 0.002136, 0.002117, 0.002097, 0.002081, 0.002064, 0.002047, 0.002030, 0.002014, 0.001997, 0.001981, 0.001964, 0.001948, 0.001932, 0.001916, 0.001900, 0.001885, 0.001870, 0.001855, 0.001840, 0.001825, 0.001811, 0.001796, 0.001782, 0.001768, 0.001754, 0.001741, 0.001727, 0.001714, 0.001700, 0.001687, 0.001674
2026-04-11 01:14:54,160 [INFO] main: Applying Track 3 (Ensemble Voting) post-processing...
2026-04-11 01:14:54,162 [INFO] ensemble_postprocess: ============================================================
2026-04-11 01:14:54,162 [INFO] ensemble_postprocess: ENSEMBLE POST-PROCESSING (Track 3)
2026-04-11 01:14:54,164 [INFO] ensemble_postprocess: ============================================================
2026-04-11 01:14:54,206 [INFO] ensemble_postprocess: Pre-computed morphological features for 6 fragments
2026-04-11 01:14:54,252 [INFO] ensemble_postprocess: ============================================================
2026-04-11 01:14:54,253 [INFO] ensemble_postprocess: ENSEMBLE POST-PROCESSING SUMMARY
2026-04-11 01:14:54,253 [INFO] ensemble_postprocess: ============================================================
2026-04-11 01:14:54,253 [INFO] ensemble_postprocess: Total pairs re-classified: 21
2026-04-11 01:14:54,255 [INFO] ensemble_postprocess: Assemblies with verdict changes: 3 / 3
2026-04-11 01:14:54,255 [INFO] ensemble_postprocess: ============================================================
2026-04-11 01:14:54,255 [INFO] main: ============================================================
2026-04-11 01:14:54,256 [INFO] main: ============================================================
2026-04-11 01:14:54,256 [INFO] main: Assembly #1  verdict=MATCH       confidence=0.0804  pairs: 11 MATCH / 0 WEAK / 0 NO_MATCH
2026-04-11 01:14:54,269 [INFO] main: Assembly #2  verdict=MATCH       confidence=0.0772  pairs: 11 MATCH / 0 WEAK / 0 NO_MATCH
2026-04-11 01:14:54,284 [INFO] main: Assembly #3  verdict=MATCH       confidence=0.0775  pairs: 11 MATCH / 0 WEAK / 0 NO_MATCH
2026-04-11 01:14:54,298 [INFO] main: ============================================================
2026-04-11 01:15:08,529 [INFO] main: Pipeline completed in 33.90 seconds.
