2026-04-08 10:09:06,756 [INFO] profiler: Profiling log: outputs/profiling\profiling_20260408_100906.log
2026-04-08 10:09:06,756 [INFO] profiler: ================================================================================
2026-04-08 10:09:06,756 [INFO] profiler: FRAGMENT RECONSTRUCTION PERFORMANCE PROFILER
2026-04-08 10:09:06,756 [INFO] profiler: ================================================================================
2026-04-08 10:09:06,756 [INFO] profiler: Input directory: data/sample
2026-04-08 10:09:06,756 [INFO] profiler: Output directory: outputs/profiling
2026-04-08 10:09:06,756 [WARNING] profiler: psutil not installed; memory profiling disabled.
2026-04-08 10:09:06,756 [WARNING] profiler: Install with: pip install psutil
2026-04-08 10:09:06,756 [INFO] __main__: Processing 5 fragments from data/sample
2026-04-08 10:09:06,762 [INFO] preprocessing: Loaded image data\sample\fragment_01.png — shape (500, 500, 3)
2026-04-08 10:09:06,776 [INFO] preprocessing: Sobel gradient — mean=3.1, max=255.0
2026-04-08 10:09:06,781 [INFO] preprocessing: Canny thresholds: low=170, high=255
2026-04-08 10:09:06,781 [INFO] preprocessing: Canny yielded no usable region; falling back to threshold
2026-04-08 10:09:06,781 [INFO] preprocessing: Background brightness: 255.0 -> light background
2026-04-08 10:09:06,781 [INFO] preprocessing: Binarization: selected Otsu threshold
2026-04-08 10:09:06,781 [INFO] preprocessing: Extracted contour with 630 boundary points
2026-04-08 10:09:06,781 [INFO] shape_descriptors: PCA orientation: centroid=(175.5, 267.9), angle=1.177 rad (67.4°)
2026-04-08 10:09:06,791 [INFO] preprocessing: Loaded image data\sample\fragment_02.png — shape (500, 500, 3)
2026-04-08 10:09:06,792 [INFO] preprocessing: Sobel gradient — mean=2.2, max=255.0
2026-04-08 10:09:06,792 [INFO] preprocessing: Canny thresholds: low=170, high=255
2026-04-08 10:09:06,801 [INFO] preprocessing: Canny yielded no usable region; falling back to threshold
2026-04-08 10:09:06,801 [INFO] preprocessing: Background brightness: 255.0 -> light background
2026-04-08 10:09:06,803 [INFO] preprocessing: Binarization: selected Otsu threshold
2026-04-08 10:09:06,804 [INFO] preprocessing: Extracted contour with 464 boundary points
2026-04-08 10:09:06,804 [INFO] shape_descriptors: PCA orientation: centroid=(346.5, 206.1), angle=0.872 rad (50.0°)
2026-04-08 10:09:06,808 [INFO] preprocessing: Loaded image data\sample\fragment_03.png — shape (500, 500, 3)
2026-04-08 10:09:06,815 [INFO] preprocessing: Sobel gradient — mean=2.0, max=254.0
2026-04-08 10:09:06,816 [INFO] preprocessing: Canny thresholds: low=170, high=255
2026-04-08 10:09:06,818 [INFO] preprocessing: Canny yielded no usable region; falling back to threshold
2026-04-08 10:09:06,818 [INFO] preprocessing: Background brightness: 255.0 -> light background
2026-04-08 10:09:06,819 [INFO] preprocessing: Binarization: selected Otsu threshold
2026-04-08 10:09:06,819 [INFO] preprocessing: Extracted contour with 430 boundary points
2026-04-08 10:09:06,819 [INFO] shape_descriptors: PCA orientation: centroid=(266.1, 320.6), angle=1.668 rad (95.5°)
2026-04-08 10:09:06,822 [INFO] preprocessing: Loaded image data\sample\fragment_04.png — shape (500, 500, 3)
2026-04-08 10:09:06,832 [INFO] preprocessing: Sobel gradient — mean=1.8, max=255.0
2026-04-08 10:09:06,834 [INFO] preprocessing: Canny thresholds: low=170, high=255
2026-04-08 10:09:06,836 [INFO] preprocessing: Canny yielded no usable region; falling back to threshold
2026-04-08 10:09:06,836 [INFO] preprocessing: Background brightness: 255.0 -> light background
2026-04-08 10:09:06,838 [INFO] preprocessing: Binarization: selected Otsu threshold
2026-04-08 10:09:06,840 [INFO] preprocessing: Extracted contour with 356 boundary points
2026-04-08 10:09:06,841 [INFO] shape_descriptors: PCA orientation: centroid=(329.0, 310.9), angle=1.121 rad (64.2°)
2026-04-08 10:09:06,846 [INFO] preprocessing: Loaded image data\sample\fragment_05.png — shape (500, 500, 3)
2026-04-08 10:09:06,853 [INFO] preprocessing: Sobel gradient — mean=1.7, max=255.0
2026-04-08 10:09:06,853 [INFO] preprocessing: Canny thresholds: low=170, high=255
2026-04-08 10:09:06,853 [INFO] preprocessing: Canny yielded no usable region; falling back to threshold
2026-04-08 10:09:06,853 [INFO] preprocessing: Background brightness: 255.0 -> light background
2026-04-08 10:09:06,853 [INFO] preprocessing: Binarization: selected Otsu threshold
2026-04-08 10:09:06,862 [INFO] preprocessing: Extracted contour with 339 boundary points
2026-04-08 10:09:06,863 [INFO] shape_descriptors: PCA orientation: centroid=(227.6, 153.9), angle=-2.367 rad (-135.6°)
2026-04-08 10:09:06,863 [INFO] shape_descriptors: PCA orientation: centroid=(175.5, 267.9), angle=1.177 rad (67.4°)
2026-04-08 10:09:06,865 [INFO] chain_code: Chain code: length=528, segments=4, preview=[0, 0, 0, 0, 0, 0, 1, 7, 1, 7, 0, 0, 7, 0, 6, 1, 1, 0, 1, 7, 7, 1, 0, 6, 2, 6, 0, 0, 1, 0, 0, 2, 7, 0, 7, 1, 1, 0, 2, 6, 1, 7, 0, 1, 0, 7, 2, 6, 1, 5, 2, 6, 0, 0, 7, 1, 2, 7, 0, 1, 1, 7, 7, 1, 7, 0, 1, 2, 4, 2, 6, 2, 7, 0, 0, 1, 6, 0, 0, 0]
2026-04-08 10:09:06,865 [INFO] shape_descriptors: PCA orientation: centroid=(346.5, 206.1), angle=0.872 rad (50.0°)
2026-04-08 10:09:06,870 [INFO] chain_code: Chain code: length=347, segments=4, preview=[0, 0, 0, 0, 0, 1, 7, 0, 1, 1, 7, 1, 7, 1, 0, 1, 7, 1, 0, 0, 1, 7, 7, 2, 7, 7, 1, 1, 6, 6, 0, 0, 0, 1, 7, 1, 1, 0, 7, 1, 7, 1, 0, 6, 0, 1, 1, 7, 1, 7, 1, 6, 2, 0, 7, 1, 7, 0, 7, 0, 0, 1, 1, 7, 1, 7, 1, 7, 1, 7, 7, 1, 6, 1, 7, 1, 6, 1, 7, 2]
2026-04-08 10:09:06,870 [INFO] shape_descriptors: PCA orientation: centroid=(266.1, 320.6), angle=1.668 rad (95.5°)
2026-04-08 10:09:06,871 [INFO] chain_code: Chain code: length=410, segments=4, preview=[0, 0, 0, 0, 0, 0, 0, 0, 0, 0, 0, 0, 0, 0, 0, 0, 0, 0, 0, 0, 0, 0, 1, 7, 0, 0, 0, 1, 6, 1, 0, 0, 0, 0, 0, 0, 0, 0, 7, 1, 0, 0, 0, 0, 7, 1, 7, 1, 0, 0, 0, 0, 0, 6, 2, 7, 1, 0, 0, 0, 0, 0, 7, 1, 7, 1, 0, 0, 0, 7, 1, 7, 7, 0, 0, 0, 7, 7, 1, 7]
2026-04-08 10:09:06,871 [INFO] shape_descriptors: PCA orientation: centroid=(329.0, 310.9), angle=1.121 rad (64.2°)
2026-04-08 10:09:06,874 [INFO] chain_code: Chain code: length=294, segments=4, preview=[0, 0, 0, 0, 0, 0, 0, 0, 7, 0, 1, 0, 0, 0, 0, 0, 0, 0, 0, 7, 7, 1, 1, 0, 7, 1, 0, 7, 2, 7, 7, 1, 6, 0, 0, 0, 0, 0, 0, 1, 6, 0, 1, 6, 2, 7, 1, 6, 2, 7, 2, 7, 1, 7, 2, 7, 7, 1, 7, 0, 7, 0, 7, 0, 0, 1, 6, 2, 6, 2, 1, 6, 0, 2, 0, 0, 1, 7, 1, 7]
2026-04-08 10:09:06,875 [INFO] shape_descriptors: PCA orientation: centroid=(227.6, 153.9), angle=-2.367 rad (-135.6°)
2026-04-08 10:09:06,876 [INFO] chain_code: Chain code: length=262, segments=4, preview=[0, 0, 0, 0, 0, 0, 0, 0, 0, 0, 7, 1, 7, 2, 7, 7, 1, 7, 2, 7, 7, 1, 1, 7, 7, 2, 7, 7, 0, 2, 7, 0, 0, 7, 1, 7, 0, 0, 1, 7, 1, 7, 1, 7, 0, 1, 7, 1, 0, 0, 7, 1, 7, 0, 7, 0, 1, 6, 1, 0, 0, 1, 7, 0, 7, 7, 1, 0, 0, 0, 0, 1, 1, 7, 1, 7, 7, 0, 0, 7]
2026-04-08 10:09:06,883 [INFO] compatibility: Color similarity matrix (Bhattacharyya): min=0.985  mean=0.995  max=1.000
2026-04-08 10:09:07,010 [INFO] compatibility: Compatibility matrix built: shape=(5, 4, 5, 4), mean=0.6616, max=0.9614
2026-04-08 10:09:07,131 [INFO] relaxation: Reached maximum of 50 iterations without convergence.
2026-04-08 10:09:07,910 [INFO] visualize: Saved fragment grid -> outputs/profiling\temp_viz\fragments.png
2026-04-08 10:09:08,281 [INFO] visualize: Saved compatibility heatmap -> outputs/profiling\temp_viz\heatmap.png
2026-04-08 10:09:08,795 [INFO] visualize: Saved convergence plot -> outputs/profiling\temp_viz\convergence.png
2026-04-08 10:09:09,439 [INFO] visualize: Saved assembly proposal #1 -> outputs/profiling\temp_viz\assembly_01.png
2026-04-08 10:09:10,018 [INFO] visualize: Saved assembly proposal #2 -> outputs/profiling\temp_viz\assembly_02.png
2026-04-08 10:09:10,530 [INFO] visualize: Saved assembly proposal #3 -> outputs/profiling\temp_viz\assembly_03.png
2026-04-08 10:09:10,929 [INFO] assembly_renderer: Saved geometric assembly sheet -> outputs/profiling\temp_viz\assembly_01_geometric.png
2026-04-08 10:09:11,316 [INFO] assembly_renderer: Saved geometric assembly sheet -> outputs/profiling\temp_viz\assembly_02_geometric.png
2026-04-08 10:09:11,672 [INFO] assembly_renderer: Saved geometric assembly sheet -> outputs/profiling\temp_viz\assembly_03_geometric.png
2026-04-08 10:09:11,672 [INFO] profiler: Saved report -> outputs/profiling\profiling_report.txt
2026-04-08 10:09:11,952 [INFO] __main__: Saved timing bar chart -> outputs/profiling\timing_breakdown_bar_iter1.png
2026-04-08 10:09:12,187 [INFO] __main__: Saved timing pie chart -> outputs/profiling\timing_breakdown_pie_iter1.png
2026-04-08 10:09:12,187 [WARNING] __main__: No memory data available; skipping memory plot.
2026-04-08 10:09:12,187 [INFO] profiler: 
================================================================================
2026-04-08 10:09:12,187 [INFO] profiler: PROFILING COMPLETE
2026-04-08 10:09:12,187 [INFO] profiler: ================================================================================
2026-04-08 10:09:12,187 [INFO] profiler: All reports saved to: outputs/profiling
