2026-04-08 10:08:49,606 [INFO] profiler: Profiling log: outputs/profiling\profiling_20260408_100849.log
2026-04-08 10:08:49,606 [INFO] profiler: ================================================================================
2026-04-08 10:08:49,608 [INFO] profiler: FRAGMENT RECONSTRUCTION PERFORMANCE PROFILER
2026-04-08 10:08:49,608 [INFO] profiler: ================================================================================
2026-04-08 10:08:49,608 [INFO] profiler: Input directory: data/sample
2026-04-08 10:08:49,608 [INFO] profiler: Output directory: outputs/profiling
2026-04-08 10:08:49,608 [WARNING] profiler: psutil not installed; memory profiling disabled.
2026-04-08 10:08:49,608 [WARNING] profiler: Install with: pip install psutil
2026-04-08 10:08:49,610 [INFO] __main__: Processing 5 fragments from data/sample
2026-04-08 10:08:49,612 [INFO] preprocessing: Loaded image data\sample\fragment_01.png — shape (500, 500, 3)
2026-04-08 10:08:49,624 [INFO] preprocessing: Sobel gradient — mean=3.1, max=255.0
2026-04-08 10:08:49,626 [INFO] preprocessing: Canny thresholds: low=170, high=255
2026-04-08 10:08:49,628 [INFO] preprocessing: Canny yielded no usable region; falling back to threshold
2026-04-08 10:08:49,628 [INFO] preprocessing: Background brightness: 255.0 -> light background
2026-04-08 10:08:49,630 [INFO] preprocessing: Binarization: selected Otsu threshold
2026-04-08 10:08:49,632 [INFO] preprocessing: Extracted contour with 630 boundary points
2026-04-08 10:08:49,632 [INFO] shape_descriptors: PCA orientation: centroid=(175.5, 267.9), angle=1.177 rad (67.4°)
2026-04-08 10:08:49,634 [INFO] preprocessing: Loaded image data\sample\fragment_02.png — shape (500, 500, 3)
2026-04-08 10:08:49,642 [INFO] preprocessing: Sobel gradient — mean=2.2, max=255.0
2026-04-08 10:08:49,643 [INFO] preprocessing: Canny thresholds: low=170, high=255
2026-04-08 10:08:49,643 [INFO] preprocessing: Canny yielded no usable region; falling back to threshold
2026-04-08 10:08:49,643 [INFO] preprocessing: Background brightness: 255.0 -> light background
2026-04-08 10:08:49,647 [INFO] preprocessing: Binarization: selected Otsu threshold
2026-04-08 10:08:49,647 [INFO] preprocessing: Extracted contour with 464 boundary points
2026-04-08 10:08:49,647 [INFO] shape_descriptors: PCA orientation: centroid=(346.5, 206.1), angle=0.872 rad (50.0°)
2026-04-08 10:08:49,650 [INFO] preprocessing: Loaded image data\sample\fragment_03.png — shape (500, 500, 3)
2026-04-08 10:08:49,657 [INFO] preprocessing: Sobel gradient — mean=2.0, max=254.0
2026-04-08 10:08:49,658 [INFO] preprocessing: Canny thresholds: low=170, high=255
2026-04-08 10:08:49,659 [INFO] preprocessing: Canny yielded no usable region; falling back to threshold
2026-04-08 10:08:49,659 [INFO] preprocessing: Background brightness: 255.0 -> light background
2026-04-08 10:08:49,662 [INFO] preprocessing: Binarization: selected Otsu threshold
2026-04-08 10:08:49,663 [INFO] preprocessing: Extracted contour with 430 boundary points
2026-04-08 10:08:49,663 [INFO] shape_descriptors: PCA orientation: centroid=(266.1, 320.6), angle=1.668 rad (95.5°)
2026-04-08 10:08:49,665 [INFO] preprocessing: Loaded image data\sample\fragment_04.png — shape (500, 500, 3)
2026-04-08 10:08:49,668 [INFO] preprocessing: Sobel gradient — mean=1.8, max=255.0
2026-04-08 10:08:49,668 [INFO] preprocessing: Canny thresholds: low=170, high=255
2026-04-08 10:08:49,668 [INFO] preprocessing: Canny yielded no usable region; falling back to threshold
2026-04-08 10:08:49,668 [INFO] preprocessing: Background brightness: 255.0 -> light background
2026-04-08 10:08:49,676 [INFO] preprocessing: Binarization: selected Otsu threshold
2026-04-08 10:08:49,677 [INFO] preprocessing: Extracted contour with 356 boundary points
2026-04-08 10:08:49,677 [INFO] shape_descriptors: PCA orientation: centroid=(329.0, 310.9), angle=1.121 rad (64.2°)
2026-04-08 10:08:49,678 [INFO] preprocessing: Loaded image data\sample\fragment_05.png — shape (500, 500, 3)
2026-04-08 10:08:49,685 [INFO] preprocessing: Sobel gradient — mean=1.7, max=255.0
2026-04-08 10:08:49,685 [INFO] preprocessing: Canny thresholds: low=170, high=255
2026-04-08 10:08:49,689 [INFO] preprocessing: Canny yielded no usable region; falling back to threshold
2026-04-08 10:08:49,689 [INFO] preprocessing: Background brightness: 255.0 -> light background
2026-04-08 10:08:49,690 [INFO] preprocessing: Binarization: selected Otsu threshold
2026-04-08 10:08:49,690 [INFO] preprocessing: Extracted contour with 339 boundary points
2026-04-08 10:08:49,693 [INFO] shape_descriptors: PCA orientation: centroid=(227.6, 153.9), angle=-2.367 rad (-135.6°)
2026-04-08 10:08:49,693 [INFO] shape_descriptors: PCA orientation: centroid=(175.5, 267.9), angle=1.177 rad (67.4°)
2026-04-08 10:08:49,695 [INFO] chain_code: Chain code: length=528, segments=4, preview=[0, 0, 0, 0, 0, 0, 1, 7, 1, 7, 0, 0, 7, 0, 6, 1, 1, 0, 1, 7, 7, 1, 0, 6, 2, 6, 0, 0, 1, 0, 0, 2, 7, 0, 7, 1, 1, 0, 2, 6, 1, 7, 0, 1, 0, 7, 2, 6, 1, 5, 2, 6, 0, 0, 7, 1, 2, 7, 0, 1, 1, 7, 7, 1, 7, 0, 1, 2, 4, 2, 6, 2, 7, 0, 0, 1, 6, 0, 0, 0]
2026-04-08 10:08:49,695 [INFO] shape_descriptors: PCA orientation: centroid=(346.5, 206.1), angle=0.872 rad (50.0°)
2026-04-08 10:08:49,697 [INFO] chain_code: Chain code: length=347, segments=4, preview=[0, 0, 0, 0, 0, 1, 7, 0, 1, 1, 7, 1, 7, 1, 0, 1, 7, 1, 0, 0, 1, 7, 7, 2, 7, 7, 1, 1, 6, 6, 0, 0, 0, 1, 7, 1, 1, 0, 7, 1, 7, 1, 0, 6, 0, 1, 1, 7, 1, 7, 1, 6, 2, 0, 7, 1, 7, 0, 7, 0, 0, 1, 1, 7, 1, 7, 1, 7, 1, 7, 7, 1, 6, 1, 7, 1, 6, 1, 7, 2]
2026-04-08 10:08:49,697 [INFO] shape_descriptors: PCA orientation: centroid=(266.1, 320.6), angle=1.668 rad (95.5°)
2026-04-08 10:08:49,698 [INFO] chain_code: Chain code: length=410, segments=4, preview=[0, 0, 0, 0, 0, 0, 0, 0, 0, 0, 0, 0, 0, 0, 0, 0, 0, 0, 0, 0, 0, 0, 1, 7, 0, 0, 0, 1, 6, 1, 0, 0, 0, 0, 0, 0, 0, 0, 7, 1, 0, 0, 0, 0, 7, 1, 7, 1, 0, 0, 0, 0, 0, 6, 2, 7, 1, 0, 0, 0, 0, 0, 7, 1, 7, 1, 0, 0, 0, 7, 1, 7, 7, 0, 0, 0, 7, 7, 1, 7]
2026-04-08 10:08:49,698 [INFO] shape_descriptors: PCA orientation: centroid=(329.0, 310.9), angle=1.121 rad (64.2°)
2026-04-08 10:08:49,700 [INFO] chain_code: Chain code: length=294, segments=4, preview=[0, 0, 0, 0, 0, 0, 0, 0, 7, 0, 1, 0, 0, 0, 0, 0, 0, 0, 0, 7, 7, 1, 1, 0, 7, 1, 0, 7, 2, 7, 7, 1, 6, 0, 0, 0, 0, 0, 0, 1, 6, 0, 1, 6, 2, 7, 1, 6, 2, 7, 2, 7, 1, 7, 2, 7, 7, 1, 7, 0, 7, 0, 7, 0, 0, 1, 6, 2, 6, 2, 1, 6, 0, 2, 0, 0, 1, 7, 1, 7]
2026-04-08 10:08:49,700 [INFO] shape_descriptors: PCA orientation: centroid=(227.6, 153.9), angle=-2.367 rad (-135.6°)
2026-04-08 10:08:49,701 [INFO] chain_code: Chain code: length=262, segments=4, preview=[0, 0, 0, 0, 0, 0, 0, 0, 0, 0, 7, 1, 7, 2, 7, 7, 1, 7, 2, 7, 7, 1, 1, 7, 7, 2, 7, 7, 0, 2, 7, 0, 0, 7, 1, 7, 0, 0, 1, 7, 1, 7, 1, 7, 0, 1, 7, 1, 0, 0, 7, 1, 7, 0, 7, 0, 1, 6, 1, 0, 0, 1, 7, 0, 7, 7, 1, 0, 0, 0, 0, 1, 1, 7, 1, 7, 7, 0, 0, 7]
2026-04-08 10:08:49,705 [INFO] compatibility: Color similarity matrix (Bhattacharyya): min=0.985  mean=0.995  max=1.000
2026-04-08 10:08:49,794 [INFO] compatibility: Compatibility matrix built: shape=(5, 4, 5, 4), mean=0.6616, max=0.9614
2026-04-08 10:08:49,802 [INFO] relaxation: Reached maximum of 50 iterations without convergence.
2026-04-08 10:08:50,982 [INFO] visualize: Saved fragment grid -> outputs/profiling\temp_viz\fragments.png
2026-04-08 10:08:51,265 [INFO] visualize: Saved compatibility heatmap -> outputs/profiling\temp_viz\heatmap.png
2026-04-08 10:08:51,745 [INFO] visualize: Saved convergence plot -> outputs/profiling\temp_viz\convergence.png
2026-04-08 10:08:52,303 [INFO] visualize: Saved assembly proposal #1 -> outputs/profiling\temp_viz\assembly_01.png
2026-04-08 10:08:52,855 [INFO] visualize: Saved assembly proposal #2 -> outputs/profiling\temp_viz\assembly_02.png
2026-04-08 10:08:53,368 [INFO] visualize: Saved assembly proposal #3 -> outputs/profiling\temp_viz\assembly_03.png
2026-04-08 10:08:53,790 [INFO] assembly_renderer: Saved geometric assembly sheet -> outputs/profiling\temp_viz\assembly_01_geometric.png
2026-04-08 10:08:54,213 [INFO] assembly_renderer: Saved geometric assembly sheet -> outputs/profiling\temp_viz\assembly_02_geometric.png
2026-04-08 10:08:54,630 [INFO] assembly_renderer: Saved geometric assembly sheet -> outputs/profiling\temp_viz\assembly_03_geometric.png
2026-04-08 10:08:54,635 [INFO] profiler: Saved report -> outputs/profiling\profiling_report.txt
2026-04-08 10:08:54,943 [INFO] __main__: Saved timing bar chart -> outputs/profiling\timing_breakdown_bar_iter1.png
2026-04-08 10:08:55,203 [INFO] __main__: Saved timing pie chart -> outputs/profiling\timing_breakdown_pie_iter1.png
2026-04-08 10:08:55,204 [WARNING] __main__: No memory data available; skipping memory plot.
2026-04-08 10:08:55,204 [INFO] profiler: 
================================================================================
2026-04-08 10:08:55,204 [INFO] profiler: PROFILING COMPLETE
2026-04-08 10:08:55,204 [INFO] profiler: ================================================================================
2026-04-08 10:08:55,204 [INFO] profiler: All reports saved to: outputs/profiling
