2026-04-11 03:08:57,150 [INFO] main: Log file: C:\Users\I763940\icbv-fragment-reconstruction\logs\run_20260411_030857.log
2026-04-11 03:08:57,150 [INFO] main: Found 6 fragment images in C:\Users\I763940\icbv-fragment-reconstruction\data\examples\positive\shard_01_british
2026-04-11 03:08:57,154 [INFO] preprocessing: RGBA fragment detected — using alpha channel as silhouette mask
2026-04-11 03:08:57,155 [INFO] preprocessing: Extracted contour with 973 boundary points
2026-04-11 03:08:57,156 [INFO] shape_descriptors: Fourier descriptors: 8 coefficients, energy ratio=0.0616
2026-04-11 03:08:57,156 [INFO] shape_descriptors: PCA orientation: centroid=(133.2, 97.1), angle=2.230 rad (127.8°)
2026-04-11 03:08:57,157 [INFO] shape_descriptors: Shape summary [shard_01_british_frag_00]: Fourier=[1.    1.529 0.156 0.332]  PCA_angle=127.77°
2026-04-11 03:08:57,157 [INFO] shape_descriptors: PCA orientation: centroid=(133.2, 97.1), angle=2.230 rad (127.8°)
2026-04-11 03:08:57,160 [INFO] chain_code: Chain code: length=789, segments=4, preview=[0, 0, 0, 0, 0, 7, 2, 7, 1, 0, 0, 1, 0, 1, 7, 1, 7, 2, 7, 1, 0, 6, 2, 5, 1, 1, 1, 7, 7, 1, 7, 0, 1, 6, 0, 7, 0, 1, 7, 2, 7, 1, 7, 7, 2, 7, 1, 1, 7, 1, 7, 1, 1, 7, 2, 6, 1, 7, 7, 1, 6, 7, 2, 2, 0, 4, 2, 7, 0, 1, 6, 3, 1, 6, 0, 0, 7, 0, 0, 0]
2026-04-11 03:08:57,160 [INFO] main: Fragment shard_01_british_frag_00  size=270x281  contour=973 pts  segments=4
2026-04-11 03:08:57,161 [INFO] preprocessing: RGBA fragment detected — using alpha channel as silhouette mask
2026-04-11 03:08:57,162 [INFO] preprocessing: Extracted contour with 1020 boundary points
2026-04-11 03:08:57,162 [INFO] shape_descriptors: Fourier descriptors: 8 coefficients, energy ratio=0.1137
2026-04-11 03:08:57,162 [INFO] shape_descriptors: PCA orientation: centroid=(111.4, 120.3), angle=-2.696 rad (-154.5°)
2026-04-11 03:08:57,163 [INFO] shape_descriptors: Shape summary [shard_01_british_frag_01]: Fourier=[1.    0.767 0.247 0.142]  PCA_angle=-154.47°
2026-04-11 03:08:57,163 [INFO] shape_descriptors: PCA orientation: centroid=(111.4, 120.3), angle=-2.696 rad (-154.5°)
2026-04-11 03:08:57,168 [INFO] chain_code: Chain code: length=883, segments=4, preview=[0, 0, 0, 0, 0, 0, 0, 0, 0, 0, 0, 0, 0, 0, 0, 0, 1, 6, 2, 7, 0, 1, 0, 7, 7, 2, 7, 0, 0, 1, 0, 7, 2, 7, 7, 1, 7, 1, 0, 7, 1, 0, 1, 0, 6, 1, 0, 0, 7, 2, 7, 0, 1, 7, 1, 0, 0, 7, 7, 1, 1, 0, 7, 7, 1, 1, 7, 1, 0, 0, 0, 7, 7, 1, 0, 0, 7, 0, 0, 7]
2026-04-11 03:08:57,168 [INFO] main: Fragment shard_01_british_frag_01  size=286x192  contour=1020 pts  segments=4
2026-04-11 03:08:57,171 [INFO] preprocessing: RGBA fragment detected — using alpha channel as silhouette mask
2026-04-11 03:08:57,172 [INFO] preprocessing: Extracted contour with 947 boundary points
2026-04-11 03:08:57,172 [INFO] shape_descriptors: Fourier descriptors: 8 coefficients, energy ratio=0.1194
2026-04-11 03:08:57,172 [INFO] shape_descriptors: PCA orientation: centroid=(91.0, 200.4), angle=1.323 rad (75.8°)
2026-04-11 03:08:57,172 [INFO] shape_descriptors: Shape summary [shard_01_british_frag_02]: Fourier=[1.    0.154 0.122 0.163]  PCA_angle=75.80°
2026-04-11 03:08:57,172 [INFO] shape_descriptors: PCA orientation: centroid=(91.0, 200.4), angle=1.323 rad (75.8°)
2026-04-11 03:08:57,176 [INFO] chain_code: Chain code: length=858, segments=4, preview=[0, 0, 0, 0, 0, 0, 7, 0, 0, 2, 7, 0, 0, 1, 1, 7, 7, 1, 6, 7, 2, 6, 1, 7, 1, 7, 1, 0, 1, 7, 0, 1, 1, 6, 0, 0, 7, 1, 1, 7, 0, 7, 1, 0, 7, 1, 7, 7, 1, 1, 7, 7, 0, 0, 7, 1, 0, 1, 7, 1, 1, 7, 1, 1, 6, 2, 7, 0, 0, 7, 1, 0, 0, 1, 7, 1, 6, 1, 7, 2]
2026-04-11 03:08:57,176 [INFO] main: Fragment shard_01_british_frag_02  size=194x353  contour=947 pts  segments=4
2026-04-11 03:08:57,179 [INFO] preprocessing: RGBA fragment detected — using alpha channel as silhouette mask
2026-04-11 03:08:57,184 [INFO] preprocessing: Extracted contour with 1254 boundary points
2026-04-11 03:08:57,184 [INFO] shape_descriptors: Fourier descriptors: 8 coefficients, energy ratio=0.1000
2026-04-11 03:08:57,184 [INFO] shape_descriptors: PCA orientation: centroid=(135.8, 238.1), angle=1.747 rad (100.1°)
2026-04-11 03:08:57,185 [INFO] shape_descriptors: Shape summary [shard_01_british_frag_03]: Fourier=[1.    0.323 0.072 0.067]  PCA_angle=100.11°
2026-04-11 03:08:57,185 [INFO] shape_descriptors: PCA orientation: centroid=(135.8, 238.1), angle=1.747 rad (100.1°)
2026-04-11 03:08:57,192 [INFO] chain_code: Chain code: length=1198, segments=4, preview=[0, 0, 0, 0, 0, 0, 0, 0, 0, 1, 0, 1, 7, 1, 6, 1, 1, 6, 2, 7, 7, 0, 7, 7, 1, 6, 0, 2, 7, 0, 1, 7, 1, 0, 7, 1, 7, 1, 0, 0, 7, 1, 0, 1, 0, 0, 1, 6, 1, 7, 1, 0, 0, 0, 0, 0, 0, 1, 7, 0, 0, 0, 0, 0, 7, 1, 0, 0, 1, 7, 1, 7, 0, 0, 0, 7, 1, 0, 0, 7]
2026-04-11 03:08:57,192 [INFO] main: Fragment shard_01_british_frag_03  size=229x440  contour=1254 pts  segments=4
2026-04-11 03:08:57,193 [INFO] preprocessing: RGBA fragment detected — using alpha channel as silhouette mask
2026-04-11 03:08:57,194 [INFO] preprocessing: Extracted contour with 969 boundary points
2026-04-11 03:08:57,194 [INFO] shape_descriptors: Fourier descriptors: 8 coefficients, energy ratio=0.1187
2026-04-11 03:08:57,194 [INFO] shape_descriptors: PCA orientation: centroid=(148.5, 61.7), angle=3.068 rad (175.8°)
2026-04-11 03:08:57,194 [INFO] shape_descriptors: Shape summary [shard_01_british_frag_04]: Fourier=[1.    0.152 0.195 0.266]  PCA_angle=175.77°
2026-04-11 03:08:57,194 [INFO] shape_descriptors: PCA orientation: centroid=(148.5, 61.7), angle=3.068 rad (175.8°)
2026-04-11 03:08:57,199 [INFO] chain_code: Chain code: length=951, segments=4, preview=[0, 0, 0, 0, 0, 0, 0, 0, 0, 0, 0, 0, 0, 0, 2, 6, 0, 1, 7, 1, 7, 1, 7, 0, 1, 0, 0, 0, 0, 7, 6, 0, 0, 0, 0, 0, 0, 0, 0, 0, 1, 7, 0, 0, 0, 0, 0, 0, 0, 0, 0, 0, 0, 0, 1, 7, 0, 0, 0, 0, 0, 0, 0, 0, 0, 0, 0, 1, 7, 0, 0, 0, 0, 0, 0, 0, 0, 0, 0, 0]
2026-04-11 03:08:57,200 [INFO] main: Fragment shard_01_british_frag_04  size=308x162  contour=969 pts  segments=4
2026-04-11 03:08:57,202 [INFO] preprocessing: RGBA fragment detected — using alpha channel as silhouette mask
2026-04-11 03:08:57,203 [INFO] preprocessing: Extracted contour with 765 boundary points
2026-04-11 03:08:57,203 [INFO] shape_descriptors: Fourier descriptors: 8 coefficients, energy ratio=0.1312
2026-04-11 03:08:57,203 [INFO] shape_descriptors: PCA orientation: centroid=(94.7, 168.6), angle=1.399 rad (80.2°)
2026-04-11 03:08:57,203 [INFO] shape_descriptors: Shape summary [shard_01_british_frag_06]: Fourier=[1.    0.348 0.206 0.092]  PCA_angle=80.18°
2026-04-11 03:08:57,203 [INFO] shape_descriptors: PCA orientation: centroid=(94.7, 168.6), angle=1.399 rad (80.2°)
2026-04-11 03:08:57,206 [INFO] chain_code: Chain code: length=701, segments=4, preview=[0, 0, 0, 0, 0, 0, 0, 1, 7, 7, 0, 0, 1, 1, 7, 0, 0, 0, 1, 7, 1, 7, 0, 0, 0, 6, 1, 0, 0, 1, 1, 7, 0, 1, 0, 0, 0, 1, 7, 7, 0, 0, 7, 1, 7, 1, 0, 0, 1, 0, 7, 0, 7, 7, 0, 2, 7, 0, 0, 1, 0, 1, 7, 0, 1, 7, 0, 7, 1, 1, 7, 0, 0, 0, 2, 7, 1, 7, 1, 0]
2026-04-11 03:08:57,206 [INFO] main: Fragment shard_01_british_frag_06  size=159x319  contour=765 pts  segments=4
2026-04-11 03:08:57,207 [INFO] main: Color pre-check (Lecture 71): min_BC=0.821  max_gap=0.043  is_mixed=False
2026-04-11 03:08:57,208 [INFO] compatibility: Extracting appearance features from 6 fragments...
2026-04-11 03:08:57,833 [INFO] compatibility: Fragment 0 features: color=512, texture=26, gabor=240, haralick=60
2026-04-11 03:08:58,158 [INFO] compatibility: Fragment 1 features: color=512, texture=26, gabor=240, haralick=60
2026-04-11 03:08:58,458 [INFO] compatibility: Fragment 2 features: color=512, texture=26, gabor=240, haralick=60
2026-04-11 03:08:59,120 [INFO] compatibility: Fragment 3 features: color=512, texture=26, gabor=240, haralick=60
2026-04-11 03:08:59,397 [INFO] compatibility: Fragment 4 features: color=512, texture=26, gabor=240, haralick=60
2026-04-11 03:08:59,637 [INFO] compatibility: Fragment 5 features: color=512, texture=26, gabor=240, haralick=60
2026-04-11 03:08:59,638 [INFO] compatibility: Appearance similarity (color): min=0.803  mean=0.909  max=0.975
2026-04-11 03:08:59,638 [INFO] compatibility: Appearance similarity (texture): min=0.985  mean=0.994  max=1.000
2026-04-11 03:08:59,638 [INFO] compatibility: Appearance similarity (gabor): min=0.991  mean=0.999  max=1.000
2026-04-11 03:08:59,638 [INFO] compatibility: Appearance similarity (haralick): min=0.993  mean=0.997  max=1.000
2026-04-11 03:08:59,977 [INFO] compatibility: Compatibility matrix built: shape=(6, 4, 6, 4), mean=0.2261, max=0.8184
2026-04-11 03:08:59,977 [INFO] main: Pairwise compatibility matrix (mean over segments):
2026-04-11 03:08:59,977 [INFO] main:          shard_01_british_frag_00  shard_01_british_frag_01  shard_01_british_frag_02  shard_01_british_frag_03  shard_01_british_frag_04  shard_01_british_frag_06
2026-04-11 03:08:59,978 [INFO] main: shard_01_british_frag_00      0.0000      0.0000      0.7428      0.0000      0.0000      0.5771
2026-04-11 03:08:59,978 [INFO] main: shard_01_british_frag_01      0.0000      0.0000      0.0000      0.6640      0.7336      0.0000
2026-04-11 03:08:59,978 [INFO] main: shard_01_british_frag_02      0.7153      0.0000      0.0000      0.0000      0.0000      0.7159
2026-04-11 03:08:59,978 [INFO] main: shard_01_british_frag_03      0.0000      0.6705      0.0000      0.0000      0.6503      0.0000
2026-04-11 03:08:59,978 [INFO] main: shard_01_british_frag_04      0.0000      0.7212      0.0000      0.6327      0.0000      0.0000
2026-04-11 03:08:59,978 [INFO] main: shard_01_british_frag_06      0.5754      0.0000      0.7405      0.0000      0.0000      0.0000
2026-04-11 03:09:00,021 [INFO] relaxation: Reached maximum of 50 iterations without convergence.
2026-04-11 03:09:00,021 [INFO] main: Convergence trace (50 iterations): 0.007217, 0.005876, 0.005151, 0.004773, 0.004463, 0.004203, 0.003981, 0.003786, 0.003612, 0.003453, 0.003306, 0.003169, 0.003040, 0.002917, 0.002799, 0.002686, 0.002576, 0.002471, 0.002433, 0.002460, 0.002484, 0.002507, 0.002529, 0.002550, 0.002569, 0.002588, 0.002605, 0.002622, 0.002639, 0.002654, 0.002669, 0.002684, 0.002698, 0.002711, 0.002723, 0.002735, 0.002746, 0.002757, 0.002766, 0.002776, 0.002784, 0.002792, 0.002799, 0.002805, 0.002811, 0.002816, 0.002820, 0.002823, 0.002826, 0.002828
2026-04-11 03:09:00,023 [INFO] main: Applying Track 3 (Ensemble Voting) post-processing...
2026-04-11 03:09:00,023 [INFO] ensemble_postprocess: ============================================================
2026-04-11 03:09:00,023 [INFO] ensemble_postprocess: ENSEMBLE POST-PROCESSING (Track 3)
2026-04-11 03:09:00,023 [INFO] ensemble_postprocess: ============================================================
2026-04-11 03:09:00,033 [INFO] ensemble_postprocess: Pre-computed morphological features for 6 fragments
2026-04-11 03:09:00,033 [INFO] ensemble_postprocess: Assembly #1: frag0[seg1] <-> frag2[seg0] UPGRADED: WEAK_MATCH -> MATCH (ensemble confidence)
2026-04-11 03:09:00,033 [INFO] ensemble_postprocess: Assembly #1: frag3[seg3] <-> frag1[seg1] UPGRADED: WEAK_MATCH -> MATCH (ensemble confidence)
2026-04-11 03:09:00,033 [INFO] ensemble_postprocess: Assembly #1: frag5[seg2] <-> frag0[seg3] UPGRADED: WEAK_MATCH -> MATCH (ensemble confidence)
2026-04-11 03:09:00,033 [INFO] ensemble_postprocess: Assembly #1: frag2[seg3] <-> frag0[seg2] UPGRADED: WEAK_MATCH -> MATCH (ensemble confidence)
2026-04-11 03:09:00,033 [INFO] ensemble_postprocess: Assembly #1: frag3[seg0] <-> frag4[seg1] UPGRADED: WEAK_MATCH -> MATCH (ensemble confidence)
2026-04-11 03:09:00,034 [INFO] ensemble_postprocess: Assembly #1: frag3[seg2] <-> frag4[seg3] UPGRADED: WEAK_MATCH -> MATCH (ensemble confidence)
2026-04-11 03:09:00,034 [INFO] ensemble_postprocess: Assembly #1: frag2[seg1] <-> frag5[seg0] UPGRADED: WEAK_MATCH -> MATCH (ensemble confidence)
2026-04-11 03:09:00,034 [INFO] ensemble_postprocess: Assembly #1: frag4[seg0] <-> frag1[seg0] UPGRADED: WEAK_MATCH -> MATCH (ensemble confidence)
2026-04-11 03:09:00,034 [INFO] ensemble_postprocess: Assembly #1: frag5[seg1] <-> frag2[seg2] UPGRADED: WEAK_MATCH -> MATCH (ensemble confidence)
2026-04-11 03:09:00,034 [INFO] ensemble_postprocess: Assembly #1 verdict changed: WEAK_MATCH -> MATCH
2026-04-11 03:09:00,034 [INFO] ensemble_postprocess: Assembly #2: frag0[seg1] <-> frag2[seg0] UPGRADED: WEAK_MATCH -> MATCH (ensemble confidence)
2026-04-11 03:09:00,034 [INFO] ensemble_postprocess: Assembly #2: frag3[seg3] <-> frag1[seg1] UPGRADED: WEAK_MATCH -> MATCH (ensemble confidence)
2026-04-11 03:09:00,034 [INFO] ensemble_postprocess: Assembly #2: frag5[seg2] <-> frag0[seg3] UPGRADED: WEAK_MATCH -> MATCH (ensemble confidence)
2026-04-11 03:09:00,034 [INFO] ensemble_postprocess: Assembly #2: frag3[seg0] <-> frag4[seg1] UPGRADED: WEAK_MATCH -> MATCH (ensemble confidence)
2026-04-11 03:09:00,035 [INFO] ensemble_postprocess: Assembly #2: frag2[seg3] <-> frag0[seg2] UPGRADED: WEAK_MATCH -> MATCH (ensemble confidence)
2026-04-11 03:09:00,035 [INFO] ensemble_postprocess: Assembly #2: frag1[seg2] <-> frag4[seg2] UPGRADED: WEAK_MATCH -> MATCH (ensemble confidence)
2026-04-11 03:09:00,035 [INFO] ensemble_postprocess: Assembly #2: frag3[seg2] <-> frag4[seg3] UPGRADED: WEAK_MATCH -> MATCH (ensemble confidence)
2026-04-11 03:09:00,035 [INFO] ensemble_postprocess: Assembly #2: frag2[seg1] <-> frag5[seg0] UPGRADED: WEAK_MATCH -> MATCH (ensemble confidence)
2026-04-11 03:09:00,035 [INFO] ensemble_postprocess: Assembly #2: frag4[seg0] <-> frag1[seg0] UPGRADED: WEAK_MATCH -> MATCH (ensemble confidence)
2026-04-11 03:09:00,035 [INFO] ensemble_postprocess: Assembly #2: frag3[seg1] <-> frag1[seg3] UPGRADED: WEAK_MATCH -> MATCH (ensemble confidence)
2026-04-11 03:09:00,036 [INFO] ensemble_postprocess: Assembly #2: frag5[seg1] <-> frag2[seg2] UPGRADED: WEAK_MATCH -> MATCH (ensemble confidence)
2026-04-11 03:09:00,036 [INFO] ensemble_postprocess: Assembly #2 verdict changed: WEAK_MATCH -> MATCH
2026-04-11 03:09:00,036 [INFO] ensemble_postprocess: Assembly #3: frag0[seg1] <-> frag2[seg0] UPGRADED: WEAK_MATCH -> MATCH (ensemble confidence)
2026-04-11 03:09:00,036 [INFO] ensemble_postprocess: Assembly #3: frag3[seg3] <-> frag1[seg1] UPGRADED: WEAK_MATCH -> MATCH (ensemble confidence)
2026-04-11 03:09:00,037 [INFO] ensemble_postprocess: Assembly #3: frag5[seg2] <-> frag0[seg3] UPGRADED: WEAK_MATCH -> MATCH (ensemble confidence)
2026-04-11 03:09:00,037 [INFO] ensemble_postprocess: Assembly #3: frag3[seg0] <-> frag4[seg1] UPGRADED: WEAK_MATCH -> MATCH (ensemble confidence)
2026-04-11 03:09:00,037 [INFO] ensemble_postprocess: Assembly #3: frag2[seg1] <-> frag0[seg2] UPGRADED: WEAK_MATCH -> MATCH (ensemble confidence)
2026-04-11 03:09:00,037 [INFO] ensemble_postprocess: Assembly #3: frag3[seg2] <-> frag4[seg3] UPGRADED: WEAK_MATCH -> MATCH (ensemble confidence)
2026-04-11 03:09:00,037 [INFO] ensemble_postprocess: Assembly #3: frag2[seg3] <-> frag5[seg0] UPGRADED: WEAK_MATCH -> MATCH (ensemble confidence)
2026-04-11 03:09:00,037 [INFO] ensemble_postprocess: Assembly #3: frag4[seg0] <-> frag1[seg0] UPGRADED: WEAK_MATCH -> MATCH (ensemble confidence)
2026-04-11 03:09:00,037 [INFO] ensemble_postprocess: Assembly #3: frag5[seg1] <-> frag2[seg2] UPGRADED: WEAK_MATCH -> MATCH (ensemble confidence)
2026-04-11 03:09:00,037 [INFO] ensemble_postprocess: Assembly #3 verdict changed: WEAK_MATCH -> MATCH
2026-04-11 03:09:00,037 [INFO] ensemble_postprocess: ============================================================
2026-04-11 03:09:00,038 [INFO] ensemble_postprocess: ENSEMBLE POST-PROCESSING SUMMARY
2026-04-11 03:09:00,038 [INFO] ensemble_postprocess: ============================================================
2026-04-11 03:09:00,038 [INFO] ensemble_postprocess: Total pairs re-classified: 29
2026-04-11 03:09:00,038 [INFO] ensemble_postprocess:   Upgraded (WEAK -> MATCH): 29
2026-04-11 03:09:00,038 [INFO] ensemble_postprocess:   Downgraded (WEAK -> NO_MATCH): 0
2026-04-11 03:09:00,038 [INFO] ensemble_postprocess: Assemblies with verdict changes: 3 / 3
2026-04-11 03:09:00,038 [INFO] ensemble_postprocess: ============================================================
2026-04-11 03:09:00,038 [INFO] main: ============================================================
2026-04-11 03:09:00,039 [INFO] main: ============================================================
2026-04-11 03:09:00,039 [INFO] main: Assembly #1  verdict=MATCH       confidence=0.1794  pairs: 10 MATCH / 0 WEAK / 2 NO_MATCH
2026-04-11 03:09:00,046 [INFO] main: Assembly #2  verdict=MATCH       confidence=0.1809  pairs: 11 MATCH / 0 WEAK / 1 NO_MATCH
2026-04-11 03:09:00,054 [INFO] main: Assembly #3  verdict=MATCH       confidence=0.1806  pairs: 10 MATCH / 0 WEAK / 2 NO_MATCH
2026-04-11 03:09:00,060 [INFO] main: ============================================================
2026-04-11 03:09:00,873 [INFO] visualize: Saved fragment grid -> C:\Users\I763940\icbv-fragment-reconstruction\output\fragment_contours.png
2026-04-11 03:09:01,237 [INFO] visualize: Saved compatibility heatmap -> C:\Users\I763940\icbv-fragment-reconstruction\output\compatibility_heatmap.png
2026-04-11 03:09:01,705 [INFO] visualize: Saved convergence plot -> C:\Users\I763940\icbv-fragment-reconstruction\output\convergence.png
2026-04-11 03:09:02,236 [INFO] visualize: Saved assembly proposal #1 -> C:\Users\I763940\icbv-fragment-reconstruction\output\assembly_01.png
2026-04-11 03:09:02,812 [INFO] visualize: Saved assembly proposal #2 -> C:\Users\I763940\icbv-fragment-reconstruction\output\assembly_02.png
2026-04-11 03:09:03,416 [INFO] visualize: Saved assembly proposal #3 -> C:\Users\I763940\icbv-fragment-reconstruction\output\assembly_03.png
2026-04-11 03:09:03,904 [INFO] assembly_renderer: Saved geometric assembly sheet -> C:\Users\I763940\icbv-fragment-reconstruction\output\assembly_01_geometric.png
2026-04-11 03:09:04,375 [INFO] assembly_renderer: Saved geometric assembly sheet -> C:\Users\I763940\icbv-fragment-reconstruction\output\assembly_02_geometric.png
2026-04-11 03:09:04,863 [INFO] assembly_renderer: Saved geometric assembly sheet -> C:\Users\I763940\icbv-fragment-reconstruction\output\assembly_03_geometric.png
2026-04-11 03:09:04,864 [INFO] main: Pipeline completed in 7.71 seconds.
