2026-04-11 03:12:14,039 [INFO] main: Log file: C:\Users\I763940\icbv-fragment-reconstruction\logs\run_20260411_031214.log
2026-04-11 03:12:14,040 [INFO] main: Found 5 fragment images in C:\Users\I763940\icbv-fragment-reconstruction\data\sample
2026-04-11 03:12:14,043 [INFO] preprocessing: Loaded image C:\Users\I763940\icbv-fragment-reconstruction\data\sample\fragment_01.png — shape (500, 500, 3)
2026-04-11 03:12:14,053 [INFO] preprocessing: Sobel gradient — mean=3.1, max=255.0
2026-04-11 03:12:14,054 [INFO] preprocessing: Canny thresholds: low=170, high=255
2026-04-11 03:12:14,056 [INFO] preprocessing: Canny yielded no usable region; falling back to threshold
2026-04-11 03:12:14,056 [INFO] preprocessing: Background brightness: 255.0 -> light background
2026-04-11 03:12:14,058 [INFO] preprocessing: Binarization: selected Otsu threshold
2026-04-11 03:12:14,059 [INFO] preprocessing: Extracted contour with 630 boundary points
2026-04-11 03:12:14,059 [INFO] shape_descriptors: Fourier descriptors: 8 coefficients, energy ratio=0.0180
2026-04-11 03:12:14,059 [INFO] shape_descriptors: PCA orientation: centroid=(175.5, 267.9), angle=1.177 rad (67.4°)
2026-04-11 03:12:14,060 [INFO] shape_descriptors: Shape summary [fragment_01]: Fourier=[1.    0.908 0.583 0.06 ]  PCA_angle=67.42°
2026-04-11 03:12:14,060 [INFO] shape_descriptors: PCA orientation: centroid=(175.5, 267.9), angle=1.177 rad (67.4°)
2026-04-11 03:12:14,061 [INFO] chain_code: Chain code: length=528, segments=4, preview=[0, 0, 0, 0, 0, 0, 1, 7, 1, 7, 0, 0, 7, 0, 6, 1, 1, 0, 1, 7, 7, 1, 0, 6, 2, 6, 0, 0, 1, 0, 0, 2, 7, 0, 7, 1, 1, 0, 2, 6, 1, 7, 0, 1, 0, 7, 2, 6, 1, 5, 2, 6, 0, 0, 7, 1, 2, 7, 0, 1, 1, 7, 7, 1, 7, 0, 1, 2, 4, 2, 6, 2, 7, 0, 0, 1, 6, 0, 0, 0]
2026-04-11 03:12:14,061 [INFO] main: Fragment fragment_01           size=500x500  contour=630 pts  segments=4
2026-04-11 03:12:14,063 [INFO] preprocessing: Loaded image C:\Users\I763940\icbv-fragment-reconstruction\data\sample\fragment_02.png — shape (500, 500, 3)
2026-04-11 03:12:14,069 [INFO] preprocessing: Sobel gradient — mean=2.2, max=255.0
2026-04-11 03:12:14,070 [INFO] preprocessing: Canny thresholds: low=170, high=255
2026-04-11 03:12:14,072 [INFO] preprocessing: Canny yielded no usable region; falling back to threshold
2026-04-11 03:12:14,072 [INFO] preprocessing: Background brightness: 255.0 -> light background
2026-04-11 03:12:14,073 [INFO] preprocessing: Binarization: selected Otsu threshold
2026-04-11 03:12:14,074 [INFO] preprocessing: Extracted contour with 464 boundary points
2026-04-11 03:12:14,074 [INFO] shape_descriptors: Fourier descriptors: 8 coefficients, energy ratio=0.0512
2026-04-11 03:12:14,075 [INFO] shape_descriptors: PCA orientation: centroid=(346.5, 206.1), angle=0.872 rad (50.0°)
2026-04-11 03:12:14,075 [INFO] shape_descriptors: Shape summary [fragment_02]: Fourier=[1.    0.419 0.166 0.153]  PCA_angle=49.99°
2026-04-11 03:12:14,075 [INFO] shape_descriptors: PCA orientation: centroid=(346.5, 206.1), angle=0.872 rad (50.0°)
2026-04-11 03:12:14,076 [INFO] chain_code: Chain code: length=347, segments=4, preview=[0, 0, 0, 0, 0, 1, 7, 0, 1, 1, 7, 1, 7, 1, 0, 1, 7, 1, 0, 0, 1, 7, 7, 2, 7, 7, 1, 1, 6, 6, 0, 0, 0, 1, 7, 1, 1, 0, 7, 1, 7, 1, 0, 6, 0, 1, 1, 7, 1, 7, 1, 6, 2, 0, 7, 1, 7, 0, 7, 0, 0, 1, 1, 7, 1, 7, 1, 7, 1, 7, 7, 1, 6, 1, 7, 1, 6, 1, 7, 2]
2026-04-11 03:12:14,076 [INFO] main: Fragment fragment_02           size=500x500  contour=464 pts  segments=4
2026-04-11 03:12:14,078 [INFO] preprocessing: Loaded image C:\Users\I763940\icbv-fragment-reconstruction\data\sample\fragment_03.png — shape (500, 500, 3)
2026-04-11 03:12:14,085 [INFO] preprocessing: Sobel gradient — mean=2.0, max=254.0
2026-04-11 03:12:14,086 [INFO] preprocessing: Canny thresholds: low=170, high=255
2026-04-11 03:12:14,088 [INFO] preprocessing: Canny yielded no usable region; falling back to threshold
2026-04-11 03:12:14,088 [INFO] preprocessing: Background brightness: 255.0 -> light background
2026-04-11 03:12:14,089 [INFO] preprocessing: Binarization: selected Otsu threshold
2026-04-11 03:12:14,090 [INFO] preprocessing: Extracted contour with 430 boundary points
2026-04-11 03:12:14,090 [INFO] shape_descriptors: Fourier descriptors: 8 coefficients, energy ratio=0.1183
2026-04-11 03:12:14,091 [INFO] shape_descriptors: PCA orientation: centroid=(266.1, 320.6), angle=1.668 rad (95.5°)
2026-04-11 03:12:14,091 [INFO] shape_descriptors: Shape summary [fragment_03]: Fourier=[1.    0.45  0.065 0.087]  PCA_angle=95.55°
2026-04-11 03:12:14,091 [INFO] shape_descriptors: PCA orientation: centroid=(266.1, 320.6), angle=1.668 rad (95.5°)
2026-04-11 03:12:14,092 [INFO] chain_code: Chain code: length=410, segments=4, preview=[0, 0, 0, 0, 0, 0, 0, 0, 0, 0, 0, 0, 0, 0, 0, 0, 0, 0, 0, 0, 0, 0, 1, 7, 0, 0, 0, 1, 6, 1, 0, 0, 0, 0, 0, 0, 0, 0, 7, 1, 0, 0, 0, 0, 7, 1, 7, 1, 0, 0, 0, 0, 0, 6, 2, 7, 1, 0, 0, 0, 0, 0, 7, 1, 7, 1, 0, 0, 0, 7, 1, 7, 7, 0, 0, 0, 7, 7, 1, 7]
2026-04-11 03:12:14,093 [INFO] main: Fragment fragment_03           size=500x500  contour=430 pts  segments=4
2026-04-11 03:12:14,094 [INFO] preprocessing: Loaded image C:\Users\I763940\icbv-fragment-reconstruction\data\sample\fragment_04.png — shape (500, 500, 3)
2026-04-11 03:12:14,100 [INFO] preprocessing: Sobel gradient — mean=1.8, max=255.0
2026-04-11 03:12:14,101 [INFO] preprocessing: Canny thresholds: low=170, high=255
2026-04-11 03:12:14,102 [INFO] preprocessing: Canny yielded no usable region; falling back to threshold
2026-04-11 03:12:14,102 [INFO] preprocessing: Background brightness: 255.0 -> light background
2026-04-11 03:12:14,104 [INFO] preprocessing: Binarization: selected Otsu threshold
2026-04-11 03:12:14,105 [INFO] preprocessing: Extracted contour with 356 boundary points
2026-04-11 03:12:14,106 [INFO] shape_descriptors: Fourier descriptors: 8 coefficients, energy ratio=0.0634
2026-04-11 03:12:14,106 [INFO] shape_descriptors: PCA orientation: centroid=(329.0, 310.9), angle=1.121 rad (64.2°)
2026-04-11 03:12:14,106 [INFO] shape_descriptors: Shape summary [fragment_04]: Fourier=[1.    1.011 0.229 0.158]  PCA_angle=64.23°
2026-04-11 03:12:14,106 [INFO] shape_descriptors: PCA orientation: centroid=(329.0, 310.9), angle=1.121 rad (64.2°)
2026-04-11 03:12:14,107 [INFO] chain_code: Chain code: length=294, segments=4, preview=[0, 0, 0, 0, 0, 0, 0, 0, 7, 0, 1, 0, 0, 0, 0, 0, 0, 0, 0, 7, 7, 1, 1, 0, 7, 1, 0, 7, 2, 7, 7, 1, 6, 0, 0, 0, 0, 0, 0, 1, 6, 0, 1, 6, 2, 7, 1, 6, 2, 7, 2, 7, 1, 7, 2, 7, 7, 1, 7, 0, 7, 0, 7, 0, 0, 1, 6, 2, 6, 2, 1, 6, 0, 2, 0, 0, 1, 7, 1, 7]
2026-04-11 03:12:14,107 [INFO] main: Fragment fragment_04           size=500x500  contour=356 pts  segments=4
2026-04-11 03:12:14,109 [INFO] preprocessing: Loaded image C:\Users\I763940\icbv-fragment-reconstruction\data\sample\fragment_05.png — shape (500, 500, 3)
2026-04-11 03:12:14,115 [INFO] preprocessing: Sobel gradient — mean=1.7, max=255.0
2026-04-11 03:12:14,116 [INFO] preprocessing: Canny thresholds: low=170, high=255
2026-04-11 03:12:14,118 [INFO] preprocessing: Canny yielded no usable region; falling back to threshold
2026-04-11 03:12:14,118 [INFO] preprocessing: Background brightness: 255.0 -> light background
2026-04-11 03:12:14,119 [INFO] preprocessing: Binarization: selected Otsu threshold
2026-04-11 03:12:14,120 [INFO] preprocessing: Extracted contour with 339 boundary points
2026-04-11 03:12:14,120 [INFO] shape_descriptors: Fourier descriptors: 8 coefficients, energy ratio=0.0622
2026-04-11 03:12:14,121 [INFO] shape_descriptors: PCA orientation: centroid=(227.6, 153.9), angle=-2.367 rad (-135.6°)
2026-04-11 03:12:14,121 [INFO] shape_descriptors: Shape summary [fragment_05]: Fourier=[1.    0.69  0.198 0.036]  PCA_angle=-135.63°
2026-04-11 03:12:14,121 [INFO] shape_descriptors: PCA orientation: centroid=(227.6, 153.9), angle=-2.367 rad (-135.6°)
2026-04-11 03:12:14,122 [INFO] chain_code: Chain code: length=262, segments=4, preview=[0, 0, 0, 0, 0, 0, 0, 0, 0, 0, 7, 1, 7, 2, 7, 7, 1, 7, 2, 7, 7, 1, 1, 7, 7, 2, 7, 7, 0, 2, 7, 0, 0, 7, 1, 7, 0, 0, 1, 7, 1, 7, 1, 7, 0, 1, 7, 1, 0, 0, 7, 1, 7, 0, 7, 0, 1, 6, 1, 0, 0, 1, 7, 0, 7, 7, 1, 0, 0, 0, 0, 1, 1, 7, 1, 7, 7, 0, 0, 7]
2026-04-11 03:12:14,122 [INFO] main: Fragment fragment_05           size=500x500  contour=339 pts  segments=4
2026-04-11 03:12:14,126 [INFO] main: Color pre-check (Lecture 71): min_BC=0.985  max_gap=0.006  is_mixed=False
2026-04-11 03:12:14,127 [INFO] compatibility: Extracting appearance features from 5 fragments...
2026-04-11 03:12:15,397 [INFO] compatibility: Fragment 0 features: color=512, texture=26, gabor=240, haralick=60
2026-04-11 03:12:16,616 [INFO] compatibility: Fragment 1 features: color=512, texture=26, gabor=240, haralick=60
2026-04-11 03:12:17,954 [INFO] compatibility: Fragment 2 features: color=512, texture=26, gabor=240, haralick=60
2026-04-11 03:12:19,376 [INFO] compatibility: Fragment 3 features: color=512, texture=26, gabor=240, haralick=60
2026-04-11 03:12:20,475 [INFO] compatibility: Fragment 4 features: color=512, texture=26, gabor=240, haralick=60
2026-04-11 03:12:20,476 [INFO] compatibility: Appearance similarity (color): min=0.976  mean=0.992  max=1.000
2026-04-11 03:12:20,476 [INFO] compatibility: Appearance similarity (texture): min=0.989  mean=0.996  max=1.000
2026-04-11 03:12:20,476 [INFO] compatibility: Appearance similarity (gabor): min=1.000  mean=1.000  max=1.000
2026-04-11 03:12:20,476 [INFO] compatibility: Appearance similarity (haralick): min=0.982  mean=0.993  max=1.000
2026-04-11 03:12:20,799 [INFO] compatibility: Compatibility matrix built: shape=(5, 4, 5, 4), mean=0.5726, max=0.9589
2026-04-11 03:12:20,799 [INFO] main: Pairwise compatibility matrix (mean over segments):
2026-04-11 03:12:20,799 [INFO] main:          fragment_01  fragment_02  fragment_03  fragment_04  fragment_05
2026-04-11 03:12:20,800 [INFO] main: fragment_01      0.0000      0.8085      0.7324      0.7095      0.0000
2026-04-11 03:12:20,800 [INFO] main: fragment_02      0.7951      0.0000      0.8171      0.7995      0.8080
2026-04-11 03:12:20,800 [INFO] main: fragment_03      0.7276      0.8252      0.0000      0.8370      0.8461
2026-04-11 03:12:20,800 [INFO] main: fragment_04      0.6844      0.7855      0.8144      0.0000      0.8527
2026-04-11 03:12:20,800 [INFO] main: fragment_05      0.0000      0.7945      0.8242      0.8532      0.0000
2026-04-11 03:12:20,834 [INFO] relaxation: Reached maximum of 50 iterations without convergence.
2026-04-11 03:12:20,834 [INFO] main: Convergence trace (50 iterations): 0.006626, 0.005864, 0.005298, 0.004829, 0.004442, 0.004120, 0.003851, 0.003624, 0.003432, 0.003268, 0.003129, 0.003051, 0.002984, 0.002926, 0.002873, 0.002827, 0.002784, 0.002745, 0.002708, 0.002673, 0.002639, 0.002606, 0.002574, 0.002542, 0.002511, 0.002479, 0.002447, 0.002415, 0.002383, 0.002350, 0.002317, 0.002284, 0.002250, 0.002216, 0.002182, 0.002166, 0.002158, 0.002149, 0.002140, 0.002132, 0.002125, 0.002118, 0.002110, 0.002102, 0.002092, 0.002082, 0.002070, 0.002059, 0.002046, 0.002033
2026-04-11 03:12:20,835 [INFO] main: Applying Track 3 (Ensemble Voting) post-processing...
2026-04-11 03:12:20,835 [INFO] ensemble_postprocess: ============================================================
2026-04-11 03:12:20,835 [INFO] ensemble_postprocess: ENSEMBLE POST-PROCESSING (Track 3)
2026-04-11 03:12:20,835 [INFO] ensemble_postprocess: ============================================================
2026-04-11 03:12:20,842 [INFO] ensemble_postprocess: Pre-computed morphological features for 5 fragments
2026-04-11 03:12:20,842 [INFO] ensemble_postprocess: Assembly #1: frag1[seg2] <-> frag4[seg2] UPGRADED: WEAK_MATCH -> MATCH (ensemble confidence)
2026-04-11 03:12:20,842 [INFO] ensemble_postprocess: Assembly #1: frag3[seg1] <-> frag1[seg1] UPGRADED: WEAK_MATCH -> MATCH (ensemble confidence)
2026-04-11 03:12:20,842 [INFO] ensemble_postprocess: Assembly #1: frag0[seg0] <-> frag2[seg2] UPGRADED: WEAK_MATCH -> MATCH (ensemble confidence)
2026-04-11 03:12:20,842 [INFO] ensemble_postprocess: Assembly #1 verdict changed: WEAK_MATCH -> MATCH
2026-04-11 03:12:20,842 [INFO] ensemble_postprocess: Assembly #2: frag1[seg2] <-> frag4[seg2] UPGRADED: WEAK_MATCH -> MATCH (ensemble confidence)
2026-04-11 03:12:20,842 [INFO] ensemble_postprocess: Assembly #2: frag3[seg1] <-> frag1[seg1] UPGRADED: WEAK_MATCH -> MATCH (ensemble confidence)
2026-04-11 03:12:20,842 [INFO] ensemble_postprocess: Assembly #2 verdict changed: WEAK_MATCH -> MATCH
2026-04-11 03:12:20,842 [INFO] ensemble_postprocess: Assembly #3: frag1[seg2] <-> frag4[seg2] UPGRADED: WEAK_MATCH -> MATCH (ensemble confidence)
2026-04-11 03:12:20,842 [INFO] ensemble_postprocess: Assembly #3: frag0[seg1] <-> frag3[seg3] UPGRADED: WEAK_MATCH -> MATCH (ensemble confidence)
2026-04-11 03:12:20,842 [INFO] ensemble_postprocess: Assembly #3: frag3[seg1] <-> frag1[seg1] UPGRADED: WEAK_MATCH -> MATCH (ensemble confidence)
2026-04-11 03:12:20,842 [INFO] ensemble_postprocess: Assembly #3 verdict changed: WEAK_MATCH -> MATCH
2026-04-11 03:12:20,842 [INFO] ensemble_postprocess: ============================================================
2026-04-11 03:12:20,842 [INFO] ensemble_postprocess: ENSEMBLE POST-PROCESSING SUMMARY
2026-04-11 03:12:20,842 [INFO] ensemble_postprocess: ============================================================
2026-04-11 03:12:20,842 [INFO] ensemble_postprocess: Total pairs re-classified: 8
2026-04-11 03:12:20,842 [INFO] ensemble_postprocess:   Upgraded (WEAK -> MATCH): 8
2026-04-11 03:12:20,843 [INFO] ensemble_postprocess:   Downgraded (WEAK -> NO_MATCH): 0
2026-04-11 03:12:20,843 [INFO] ensemble_postprocess: Assemblies with verdict changes: 3 / 3
2026-04-11 03:12:20,843 [INFO] ensemble_postprocess: ============================================================
2026-04-11 03:12:20,843 [INFO] main: ============================================================
2026-04-11 03:12:20,844 [INFO] main: ============================================================
2026-04-11 03:12:20,844 [INFO] main: Assembly #1  verdict=MATCH       confidence=0.1068  pairs: 8 MATCH / 0 WEAK / 1 NO_MATCH
2026-04-11 03:12:20,848 [INFO] main: Assembly #2  verdict=MATCH       confidence=0.0994  pairs: 7 MATCH / 0 WEAK / 2 NO_MATCH
2026-04-11 03:12:20,852 [INFO] main: Assembly #3  verdict=MATCH       confidence=0.1083  pairs: 8 MATCH / 0 WEAK / 1 NO_MATCH
2026-04-11 03:12:20,857 [INFO] main: ============================================================
2026-04-11 03:12:21,594 [INFO] visualize: Saved fragment grid -> C:\Users\I763940\icbv-fragment-reconstruction\output\fragment_contours.png
2026-04-11 03:12:21,929 [INFO] visualize: Saved compatibility heatmap -> C:\Users\I763940\icbv-fragment-reconstruction\output\compatibility_heatmap.png
2026-04-11 03:12:22,364 [INFO] visualize: Saved convergence plot -> C:\Users\I763940\icbv-fragment-reconstruction\output\convergence.png
2026-04-11 03:12:22,857 [INFO] visualize: Saved assembly proposal #1 -> C:\Users\I763940\icbv-fragment-reconstruction\output\assembly_01.png
2026-04-11 03:12:23,399 [INFO] visualize: Saved assembly proposal #2 -> C:\Users\I763940\icbv-fragment-reconstruction\output\assembly_02.png
2026-04-11 03:12:23,904 [INFO] visualize: Saved assembly proposal #3 -> C:\Users\I763940\icbv-fragment-reconstruction\output\assembly_03.png
2026-04-11 03:12:24,330 [INFO] assembly_renderer: Saved geometric assembly sheet -> C:\Users\I763940\icbv-fragment-reconstruction\output\assembly_01_geometric.png
2026-04-11 03:12:24,757 [INFO] assembly_renderer: Saved geometric assembly sheet -> C:\Users\I763940\icbv-fragment-reconstruction\output\assembly_02_geometric.png
2026-04-11 03:12:25,183 [INFO] assembly_renderer: Saved geometric assembly sheet -> C:\Users\I763940\icbv-fragment-reconstruction\output\assembly_03_geometric.png
2026-04-11 03:12:25,184 [INFO] main: Pipeline completed in 11.14 seconds.
