2026-04-11 01:12:40,020 [INFO] main: Log file: outputs\parallel_logs\high-res-antique-close-up-earth-muted-tones-geometrically-patterned-mosaic-floor-background-italian-church-338430220\run_20260411_011240.log
2026-04-11 01:12:40,022 [INFO] main: Found 6 fragment images in data/examples/positive\high-res-antique-close-up-earth-muted-tones-geometrically-patterned-mosaic-floor-background-italian-church-338430220
2026-04-11 01:12:40,051 [INFO] preprocessing: RGBA fragment detected — using alpha channel as silhouette mask
2026-04-11 01:12:40,053 [INFO] preprocessing: Extracted contour with 404 boundary points
2026-04-11 01:12:40,053 [INFO] shape_descriptors: Fourier descriptors: 8 coefficients, energy ratio=0.0217
2026-04-11 01:12:40,053 [INFO] shape_descriptors: PCA orientation: centroid=(183.7, 51.2), angle=1.541 rad (88.3°)
2026-04-11 01:12:40,055 [INFO] shape_descriptors: Shape summary [high-res-antique-close-up-earth-muted-tones-geometrically-patterned-mosaic-floor-background-italian-church-338430220_frag_00]: Fourier=[1.    1.171 0.934 0.436]  PCA_angle=88.29°
2026-04-11 01:12:40,055 [INFO] shape_descriptors: PCA orientation: centroid=(183.7, 51.2), angle=1.541 rad (88.3°)
2026-04-11 01:12:40,058 [INFO] chain_code: Chain code: length=395, segments=4, preview=[0, 0, 0, 0, 0, 0, 0, 0, 0, 0, 0, 0, 0, 0, 0, 0, 0, 0, 0, 0, 0, 0, 0, 0, 0, 0, 0, 0, 0, 0, 0, 0, 1, 7, 0, 0, 0, 0, 0, 0, 0, 0, 0, 0, 0, 0, 0, 0, 0, 0, 0, 0, 0, 0, 0, 0, 0, 0, 0, 0, 0, 0, 0, 0, 0, 0, 7, 1, 7, 1, 7, 1, 7, 0, 0, 1, 7, 1, 7, 1]
2026-04-11 01:12:40,058 [INFO] main: Fragment high-res-antique-close-up-earth-muted-tones-geometrically-patterned-mosaic-floor-background-italian-church-338430220_frag_00  size=260x155  contour=404 pts  segments=4
2026-04-11 01:12:40,090 [INFO] preprocessing: RGBA fragment detected — using alpha channel as silhouette mask
2026-04-11 01:12:40,090 [INFO] preprocessing: Extracted contour with 1097 boundary points
2026-04-11 01:12:40,090 [INFO] shape_descriptors: Fourier descriptors: 8 coefficients, energy ratio=0.0507
2026-04-11 01:12:40,090 [INFO] shape_descriptors: PCA orientation: centroid=(125.0, 116.6), angle=2.526 rad (144.8°)
2026-04-11 01:12:40,090 [INFO] shape_descriptors: Shape summary [high-res-antique-close-up-earth-muted-tones-geometrically-patterned-mosaic-floor-background-italian-church-338430220_frag_01]: Fourier=[1.    0.778 0.379 0.093]  PCA_angle=144.75°
2026-04-11 01:12:40,098 [INFO] shape_descriptors: PCA orientation: centroid=(125.0, 116.6), angle=2.526 rad (144.8°)
2026-04-11 01:12:40,111 [INFO] chain_code: Chain code: length=930, segments=4, preview=[0, 0, 0, 0, 0, 0, 0, 1, 6, 0, 0, 0, 1, 0, 1, 7, 0, 0, 1, 1, 7, 6, 2, 5, 1, 1, 7, 0, 0, 7, 1, 7, 2, 7, 1, 7, 1, 6, 2, 0, 0, 0, 0, 0, 2, 6, 2, 7, 5, 1, 0, 7, 1, 0, 7, 2, 6, 1, 0, 7, 2, 5, 7, 0, 0, 0, 0, 2, 0, 0, 1, 0, 7, 0, 2, 6, 2, 6, 1, 7]
2026-04-11 01:12:40,111 [INFO] main: Fragment high-res-antique-close-up-earth-muted-tones-geometrically-patterned-mosaic-floor-background-italian-church-338430220_frag_01  size=305x292  contour=1097 pts  segments=4
2026-04-11 01:12:40,143 [INFO] preprocessing: RGBA fragment detected — using alpha channel as silhouette mask
2026-04-11 01:12:40,157 [INFO] preprocessing: Extracted contour with 1215 boundary points
2026-04-11 01:12:40,157 [INFO] shape_descriptors: Fourier descriptors: 8 coefficients, energy ratio=0.0394
2026-04-11 01:12:40,157 [INFO] shape_descriptors: PCA orientation: centroid=(197.7, 170.4), angle=2.771 rad (158.8°)
2026-04-11 01:12:40,157 [INFO] shape_descriptors: Shape summary [high-res-antique-close-up-earth-muted-tones-geometrically-patterned-mosaic-floor-background-italian-church-338430220_frag_02]: Fourier=[1.    0.479 0.457 0.065]  PCA_angle=158.78°
2026-04-11 01:12:40,157 [INFO] shape_descriptors: PCA orientation: centroid=(197.7, 170.4), angle=2.771 rad (158.8°)
2026-04-11 01:12:40,176 [INFO] chain_code: Chain code: length=1088, segments=4, preview=[0, 0, 0, 0, 0, 0, 1, 0, 1, 6, 0, 0, 0, 7, 2, 6, 2, 7, 0, 0, 0, 0, 7, 2, 0, 7, 0, 1, 0, 1, 6, 0, 0, 6, 1, 1, 0, 0, 0, 0, 1, 7, 2, 7, 0, 7, 0, 1, 1, 7, 2, 7, 7, 1, 7, 7, 0, 1, 6, 3, 6, 0, 6, 1, 0, 1, 0, 0, 1, 7, 1, 0, 2, 7, 0, 1, 7, 2, 4, 1]
2026-04-11 01:12:40,176 [INFO] main: Fragment high-res-antique-close-up-earth-muted-tones-geometrically-patterned-mosaic-floor-background-italian-church-338430220_frag_02  size=364x287  contour=1215 pts  segments=4
2026-04-11 01:12:40,208 [INFO] preprocessing: RGBA fragment detected — using alpha channel as silhouette mask
2026-04-11 01:12:40,210 [INFO] preprocessing: Extracted contour with 964 boundary points
2026-04-11 01:12:40,210 [INFO] shape_descriptors: Fourier descriptors: 8 coefficients, energy ratio=0.0612
2026-04-11 01:12:40,212 [INFO] shape_descriptors: PCA orientation: centroid=(152.8, 143.0), angle=1.163 rad (66.6°)
2026-04-11 01:12:40,212 [INFO] shape_descriptors: Shape summary [high-res-antique-close-up-earth-muted-tones-geometrically-patterned-mosaic-floor-background-italian-church-338430220_frag_04]: Fourier=[1.    1.089 0.165 0.097]  PCA_angle=66.62°
2026-04-11 01:12:40,212 [INFO] shape_descriptors: PCA orientation: centroid=(152.8, 143.0), angle=1.163 rad (66.6°)
2026-04-11 01:12:40,216 [INFO] chain_code: Chain code: length=787, segments=4, preview=[0, 0, 0, 0, 0, 1, 0, 7, 0, 1, 0, 7, 7, 1, 6, 0, 1, 7, 1, 7, 7, 2, 7, 1, 7, 0, 1, 1, 0, 1, 6, 2, 0, 1, 7, 7, 0, 0, 0, 0, 0, 6, 0, 1, 7, 0, 0, 1, 7, 0, 2, 6, 1, 0, 1, 0, 0, 0, 0, 1, 0, 1, 7, 0, 7, 0, 1, 0, 1, 0, 1, 7, 0, 0, 7, 0, 6, 2, 6, 0]
2026-04-11 01:12:40,222 [INFO] main: Fragment high-res-antique-close-up-earth-muted-tones-geometrically-patterned-mosaic-floor-background-italian-church-338430220_frag_04  size=242x289  contour=964 pts  segments=4
2026-04-11 01:12:40,249 [INFO] preprocessing: RGBA fragment detected — using alpha channel as silhouette mask
2026-04-11 01:12:40,255 [INFO] preprocessing: Extracted contour with 1112 boundary points
2026-04-11 01:12:40,257 [INFO] shape_descriptors: Fourier descriptors: 8 coefficients, energy ratio=0.0201
2026-04-11 01:12:40,257 [INFO] shape_descriptors: PCA orientation: centroid=(149.5, 156.1), angle=-2.736 rad (-156.8°)
2026-04-11 01:12:40,257 [INFO] shape_descriptors: Shape summary [high-res-antique-close-up-earth-muted-tones-geometrically-patterned-mosaic-floor-background-italian-church-338430220_frag_05]: Fourier=[1.    0.976 0.781 0.446]  PCA_angle=-156.78°
2026-04-11 01:12:40,259 [INFO] shape_descriptors: PCA orientation: centroid=(149.5, 156.1), angle=-2.736 rad (-156.8°)
2026-04-11 01:12:40,268 [INFO] chain_code: Chain code: length=929, segments=4, preview=[0, 0, 0, 0, 0, 0, 0, 2, 7, 1, 7, 2, 7, 7, 1, 4, 1, 7, 2, 1, 7, 0, 0, 0, 0, 6, 0, 1, 0, 7, 2, 1, 7, 7, 1, 0, 0, 6, 1, 0, 7, 1, 0, 0, 7, 2, 0, 0, 7, 1, 0, 6, 2, 0, 0, 6, 1, 1, 6, 1, 0, 1, 0, 0, 0, 0, 0, 0, 0, 7, 6, 1, 1, 7, 1, 0, 1, 6, 2, 7]
2026-04-11 01:12:40,268 [INFO] main: Fragment high-res-antique-close-up-earth-muted-tones-geometrically-patterned-mosaic-floor-background-italian-church-338430220_frag_05  size=299x314  contour=1112 pts  segments=4
2026-04-11 01:12:40,300 [INFO] preprocessing: RGBA fragment detected — using alpha channel as silhouette mask
2026-04-11 01:12:40,300 [INFO] preprocessing: Extracted contour with 730 boundary points
2026-04-11 01:12:40,300 [INFO] shape_descriptors: Fourier descriptors: 8 coefficients, energy ratio=0.0611
2026-04-11 01:12:40,300 [INFO] shape_descriptors: PCA orientation: centroid=(115.8, 115.9), angle=1.676 rad (96.0°)
2026-04-11 01:12:40,300 [INFO] shape_descriptors: Shape summary [high-res-antique-close-up-earth-muted-tones-geometrically-patterned-mosaic-floor-background-italian-church-338430220_frag_06]: Fourier=[1.    1.193 0.274 0.174]  PCA_angle=96.02°
2026-04-11 01:12:40,300 [INFO] shape_descriptors: PCA orientation: centroid=(115.8, 115.9), angle=1.676 rad (96.0°)
2026-04-11 01:12:40,314 [INFO] chain_code: Chain code: length=704, segments=4, preview=[0, 0, 0, 0, 0, 0, 0, 0, 0, 0, 0, 6, 1, 0, 1, 0, 7, 1, 7, 1, 0, 0, 0, 1, 0, 0, 7, 2, 7, 1, 7, 1, 1, 7, 0, 0, 0, 1, 7, 1, 7, 1, 7, 1, 6, 0, 1, 7, 0, 0, 7, 0, 7, 1, 0, 0, 0, 7, 2, 0, 0, 0, 1, 7, 1, 7, 2, 7, 1, 7, 0, 1, 0, 1, 0, 7, 7, 1, 7, 0]
2026-04-11 01:12:40,314 [INFO] main: Fragment high-res-antique-close-up-earth-muted-tones-geometrically-patterned-mosaic-floor-background-italian-church-338430220_frag_06  size=172x286  contour=730 pts  segments=4
2026-04-11 01:12:40,317 [INFO] main: Color pre-check (Lecture 71): min_BC=0.974  max_gap=0.007  is_mixed=False
2026-04-11 01:12:40,320 [INFO] compatibility: Extracting appearance features from 6 fragments...
2026-04-11 01:12:41,412 [INFO] compatibility: Fragment 0 features: color=512, texture=26, gabor=240, haralick=60
2026-04-11 01:12:42,653 [INFO] compatibility: Fragment 1 features: color=512, texture=26, gabor=240, haralick=60
2026-04-11 01:12:43,925 [INFO] compatibility: Fragment 2 features: color=512, texture=26, gabor=240, haralick=60
2026-04-11 01:12:45,245 [INFO] compatibility: Fragment 3 features: color=512, texture=26, gabor=240, haralick=60
2026-04-11 01:12:46,823 [INFO] compatibility: Fragment 4 features: color=512, texture=26, gabor=240, haralick=60
2026-04-11 01:12:47,595 [INFO] compatibility: Fragment 5 features: color=512, texture=26, gabor=240, haralick=60
2026-04-11 01:12:47,598 [INFO] compatibility: Appearance similarity (color): min=0.966  mean=0.986  max=0.999
2026-04-11 01:12:47,599 [INFO] compatibility: Appearance similarity (texture): min=0.997  mean=0.999  max=1.000
2026-04-11 01:12:47,599 [INFO] compatibility: Appearance similarity (gabor): min=1.000  mean=1.000  max=1.000
2026-04-11 01:12:47,599 [INFO] compatibility: Appearance similarity (haralick): min=0.998  mean=1.000  max=1.000
2026-04-11 01:12:49,104 [INFO] compatibility: Compatibility matrix built: shape=(6, 4, 6, 4), mean=0.6217, max=1.2111
2026-04-11 01:12:49,104 [INFO] main: Pairwise compatibility matrix (mean over segments):
2026-04-11 01:12:49,104 [INFO] main:          high-res-antique-close-up-earth-muted-tones-geometrically-patterned-mosaic-floor-background-italian-church-338430220_frag_00  high-res-antique-close-up-earth-muted-tones-geometrically-patterned-mosaic-floor-background-italian-church-338430220_frag_01  high-res-antique-close-up-earth-muted-tones-geometrically-patterned-mosaic-floor-background-italian-church-338430220_frag_02  high-res-antique-close-up-earth-muted-tones-geometrically-patterned-mosaic-floor-background-italian-church-338430220_frag_04  high-res-antique-close-up-earth-muted-tones-geometrically-patterned-mosaic-floor-background-italian-church-338430220_frag_05  high-res-antique-close-up-earth-muted-tones-geometrically-patterned-mosaic-floor-background-italian-church-338430220_frag_06
2026-04-11 01:12:49,104 [INFO] main: high-res-antique-close-up-earth-muted-tones-geometrically-patterned-mosaic-floor-background-italian-church-338430220_frag_00      0.0000      0.7094      0.7635      0.6575      0.7383      0.8035
2026-04-11 01:12:49,104 [INFO] main: high-res-antique-close-up-earth-muted-tones-geometrically-patterned-mosaic-floor-background-italian-church-338430220_frag_01      0.7222      0.0000      0.7622      0.7799      0.7531      0.7574
2026-04-11 01:12:49,104 [INFO] main: high-res-antique-close-up-earth-muted-tones-geometrically-patterned-mosaic-floor-background-italian-church-338430220_frag_02      0.7513      0.7369      0.0000      0.7222      0.7818      0.7634
2026-04-11 01:12:49,104 [INFO] main: high-res-antique-close-up-earth-muted-tones-geometrically-patterned-mosaic-floor-background-italian-church-338430220_frag_04      0.6473      0.7544      0.7230      0.0000      0.7384      0.7232
2026-04-11 01:12:49,104 [INFO] main: high-res-antique-close-up-earth-muted-tones-geometrically-patterned-mosaic-floor-background-italian-church-338430220_frag_05      0.7464      0.7476      0.8024      0.7573      0.0000      0.7792
2026-04-11 01:12:49,104 [INFO] main: high-res-antique-close-up-earth-muted-tones-geometrically-patterned-mosaic-floor-background-italian-church-338430220_frag_06      0.7895      0.7309      0.7616      0.7207      0.7565      0.0000
2026-04-11 01:12:49,220 [INFO] relaxation: Reached maximum of 50 iterations without convergence.
2026-04-11 01:12:49,220 [INFO] main: Convergence trace (50 iterations): 0.002637, 0.002587, 0.002691, 0.002798, 0.002909, 0.003022, 0.003139, 0.003266, 0.003409, 0.003554, 0.003700, 0.003847, 0.003995, 0.004142, 0.004287, 0.004431, 0.004570, 0.004705, 0.004835, 0.004957, 0.005070, 0.005174, 0.005267, 0.005346, 0.005412, 0.005463, 0.005497, 0.005513, 0.005511, 0.005490, 0.005450, 0.005405, 0.005372, 0.005321, 0.005252, 0.005165, 0.005060, 0.004938, 0.004801, 0.004650, 0.004486, 0.004452, 0.004454, 0.004439, 0.004406, 0.004356, 0.004290, 0.004207, 0.004133, 0.004153
2026-04-11 01:12:49,222 [INFO] main: Applying Track 3 (Ensemble Voting) post-processing...
2026-04-11 01:12:49,222 [INFO] ensemble_postprocess: ============================================================
2026-04-11 01:12:49,223 [INFO] ensemble_postprocess: ENSEMBLE POST-PROCESSING (Track 3)
2026-04-11 01:12:49,223 [INFO] ensemble_postprocess: ============================================================
2026-04-11 01:12:49,241 [INFO] ensemble_postprocess: Pre-computed morphological features for 6 fragments
2026-04-11 01:12:49,280 [INFO] ensemble_postprocess: ============================================================
2026-04-11 01:12:49,280 [INFO] ensemble_postprocess: ENSEMBLE POST-PROCESSING SUMMARY
2026-04-11 01:12:49,280 [INFO] ensemble_postprocess: ============================================================
2026-04-11 01:12:49,281 [INFO] ensemble_postprocess: Total pairs re-classified: 21
2026-04-11 01:12:49,283 [INFO] ensemble_postprocess: Assemblies with verdict changes: 3 / 3
2026-04-11 01:12:49,284 [INFO] ensemble_postprocess: ============================================================
2026-04-11 01:12:49,284 [INFO] main: ============================================================
2026-04-11 01:12:49,286 [INFO] main: ============================================================
2026-04-11 01:12:49,286 [INFO] main: Assembly #1  verdict=MATCH       confidence=0.0840  pairs: 12 MATCH / 0 WEAK / 0 NO_MATCH
2026-04-11 01:12:49,305 [INFO] main: Assembly #2  verdict=MATCH       confidence=0.0843  pairs: 12 MATCH / 0 WEAK / 0 NO_MATCH
2026-04-11 01:12:49,323 [INFO] main: Assembly #3  verdict=MATCH       confidence=0.0847  pairs: 12 MATCH / 0 WEAK / 0 NO_MATCH
2026-04-11 01:12:49,340 [INFO] main: ============================================================
2026-04-11 01:13:07,736 [INFO] main: Pipeline completed in 27.71 seconds.
