2026-04-11 01:14:34,939 [INFO] main: Log file: outputs\parallel_logs\shard_02_cord_marked\run_20260411_011434.log
2026-04-11 01:14:34,943 [INFO] main: Found 6 fragment images in data/examples/positive\shard_02_cord_marked
2026-04-11 01:14:34,950 [INFO] preprocessing: RGBA fragment detected — using alpha channel as silhouette mask
2026-04-11 01:14:34,950 [INFO] preprocessing: Extracted contour with 1004 boundary points
2026-04-11 01:14:34,953 [INFO] shape_descriptors: Fourier descriptors: 8 coefficients, energy ratio=0.0171
2026-04-11 01:14:34,953 [INFO] shape_descriptors: PCA orientation: centroid=(148.0, 103.2), angle=-3.087 rad (-176.9°)
2026-04-11 01:14:34,957 [INFO] shape_descriptors: Shape summary [shard_02_cord_marked_frag_00]: Fourier=[1.    0.904 0.643 0.444]  PCA_angle=-176.87°
2026-04-11 01:14:34,958 [INFO] shape_descriptors: PCA orientation: centroid=(148.0, 103.2), angle=-3.087 rad (-176.9°)
2026-04-11 01:14:34,973 [INFO] chain_code: Chain code: length=986, segments=4, preview=[0, 0, 0, 0, 0, 0, 0, 0, 0, 0, 0, 0, 0, 0, 0, 0, 0, 7, 1, 0, 0, 0, 0, 0, 0, 0, 0, 0, 0, 0, 0, 0, 0, 0, 0, 7, 1, 0, 0, 0, 0, 0, 0, 0, 0, 0, 0, 0, 0, 0, 0, 0, 0, 7, 1, 0, 0, 0, 0, 0, 0, 0, 0, 0, 0, 0, 0, 0, 0, 0, 0, 0, 7, 1, 0, 0, 0, 0, 0, 0]
2026-04-11 01:14:34,974 [INFO] main: Fragment shard_02_cord_marked_frag_00  size=289x235  contour=1004 pts  segments=4
2026-04-11 01:14:34,979 [INFO] preprocessing: RGBA fragment detected — using alpha channel as silhouette mask
2026-04-11 01:14:34,982 [INFO] preprocessing: Extracted contour with 833 boundary points
2026-04-11 01:14:34,983 [INFO] shape_descriptors: Fourier descriptors: 8 coefficients, energy ratio=0.1789
2026-04-11 01:14:34,984 [INFO] shape_descriptors: PCA orientation: centroid=(117.9, 138.7), angle=2.143 rad (122.8°)
2026-04-11 01:14:34,984 [INFO] shape_descriptors: Shape summary [shard_02_cord_marked_frag_01]: Fourier=[1.    0.065 0.073 0.104]  PCA_angle=122.81°
2026-04-11 01:14:34,985 [INFO] shape_descriptors: PCA orientation: centroid=(117.9, 138.7), angle=2.143 rad (122.8°)
2026-04-11 01:14:34,995 [INFO] chain_code: Chain code: length=644, segments=4, preview=[0, 0, 0, 0, 1, 0, 7, 1, 7, 7, 1, 7, 7, 1, 1, 7, 1, 2, 0, 6, 0, 6, 2, 7, 1, 7, 0, 1, 6, 2, 7, 1, 7, 2, 7, 0, 2, 6, 1, 7, 0, 7, 0, 1, 0, 7, 1, 7, 1, 0, 1, 7, 2, 7, 1, 0, 6, 1, 7, 1, 7, 0, 7, 1, 6, 0, 0, 7, 1, 0, 7, 2, 7, 1, 7, 2, 7, 1, 0, 1]
2026-04-11 01:14:34,997 [INFO] main: Fragment shard_02_cord_marked_frag_01  size=255x276  contour=833 pts  segments=4
2026-04-11 01:14:35,003 [INFO] preprocessing: RGBA fragment detected — using alpha channel as silhouette mask
2026-04-11 01:14:35,005 [INFO] preprocessing: Extracted contour with 872 boundary points
2026-04-11 01:14:35,007 [INFO] shape_descriptors: Fourier descriptors: 8 coefficients, energy ratio=0.1308
2026-04-11 01:14:35,007 [INFO] shape_descriptors: PCA orientation: centroid=(69.8, 158.4), angle=1.605 rad (92.0°)
2026-04-11 01:14:35,009 [INFO] shape_descriptors: Shape summary [shard_02_cord_marked_frag_02]: Fourier=[1.    0.151 0.127 0.063]  PCA_angle=91.96°
2026-04-11 01:14:35,009 [INFO] shape_descriptors: PCA orientation: centroid=(69.8, 158.4), angle=1.605 rad (92.0°)
2026-04-11 01:14:35,019 [INFO] chain_code: Chain code: length=857, segments=4, preview=[0, 0, 0, 0, 0, 0, 0, 0, 0, 0, 0, 0, 0, 0, 0, 0, 0, 0, 0, 0, 0, 0, 0, 0, 0, 0, 0, 7, 1, 0, 0, 0, 0, 0, 0, 0, 0, 0, 0, 0, 6, 7, 0, 1, 0, 0, 0, 0, 1, 0, 7, 7, 1, 7, 0, 0, 1, 0, 0, 0, 0, 0, 0, 0, 0, 0, 1, 7, 0, 7, 0, 1, 0, 0, 0, 1, 0, 0, 1, 7]
2026-04-11 01:14:35,019 [INFO] main: Fragment shard_02_cord_marked_frag_02  size=158x320  contour=872 pts  segments=4
2026-04-11 01:14:35,028 [INFO] preprocessing: RGBA fragment detected — using alpha channel as silhouette mask
2026-04-11 01:14:35,030 [INFO] preprocessing: Extracted contour with 578 boundary points
2026-04-11 01:14:35,031 [INFO] shape_descriptors: Fourier descriptors: 8 coefficients, energy ratio=0.0490
2026-04-11 01:14:35,031 [INFO] shape_descriptors: PCA orientation: centroid=(114.6, 105.7), angle=2.483 rad (142.2°)
2026-04-11 01:14:35,031 [INFO] shape_descriptors: Shape summary [shard_02_cord_marked_frag_04]: Fourier=[1.    0.925 0.227 0.142]  PCA_angle=142.24°
2026-04-11 01:14:35,032 [INFO] shape_descriptors: PCA orientation: centroid=(114.6, 105.7), angle=2.483 rad (142.2°)
2026-04-11 01:14:35,036 [INFO] chain_code: Chain code: length=444, segments=4, preview=[0, 0, 0, 0, 0, 0, 1, 6, 3, 2, 6, 1, 7, 1, 7, 0, 0, 7, 1, 7, 7, 0, 2, 6, 0, 1, 7, 2, 7, 1, 7, 1, 0, 1, 1, 6, 6, 0, 1, 0, 7, 0, 0, 1, 7, 0, 2, 0, 6, 0, 0, 6, 0, 0, 0, 1, 0, 7, 2, 7, 1, 7, 1, 0, 1, 7, 0, 7, 0, 7, 0, 0, 1, 6, 2, 0, 0, 7, 0, 1]
2026-04-11 01:14:35,038 [INFO] main: Fragment shard_02_cord_marked_frag_04  size=207x194  contour=578 pts  segments=4
2026-04-11 01:14:35,051 [INFO] preprocessing: RGBA fragment detected — using alpha channel as silhouette mask
2026-04-11 01:14:35,055 [INFO] preprocessing: Extracted contour with 1112 boundary points
2026-04-11 01:14:35,055 [INFO] shape_descriptors: Fourier descriptors: 8 coefficients, energy ratio=0.0439
2026-04-11 01:14:35,055 [INFO] shape_descriptors: PCA orientation: centroid=(176.7, 149.5), angle=-3.090 rad (-177.0°)
2026-04-11 01:14:35,057 [INFO] shape_descriptors: Shape summary [shard_02_cord_marked_frag_05]: Fourier=[1.    0.588 0.341 0.031]  PCA_angle=-177.03°
2026-04-11 01:14:35,058 [INFO] shape_descriptors: PCA orientation: centroid=(176.7, 149.5), angle=-3.090 rad (-177.0°)
2026-04-11 01:14:35,072 [INFO] chain_code: Chain code: length=1096, segments=4, preview=[0, 0, 0, 0, 0, 0, 0, 0, 0, 0, 0, 0, 0, 0, 0, 0, 0, 0, 7, 1, 0, 0, 0, 0, 0, 0, 0, 0, 0, 0, 0, 0, 0, 0, 0, 0, 0, 7, 1, 0, 0, 0, 0, 0, 0, 0, 0, 0, 0, 0, 0, 0, 0, 0, 0, 0, 7, 1, 0, 0, 0, 0, 0, 0, 0, 0, 0, 0, 0, 0, 0, 0, 0, 0, 0, 0, 7, 1, 0, 0]
2026-04-11 01:14:35,074 [INFO] main: Fragment shard_02_cord_marked_frag_05  size=366x246  contour=1112 pts  segments=4
2026-04-11 01:14:35,078 [INFO] preprocessing: RGBA fragment detected — using alpha channel as silhouette mask
2026-04-11 01:14:35,080 [INFO] preprocessing: Extracted contour with 911 boundary points
2026-04-11 01:14:35,082 [INFO] shape_descriptors: Fourier descriptors: 8 coefficients, energy ratio=0.1522
2026-04-11 01:14:35,083 [INFO] shape_descriptors: PCA orientation: centroid=(124.7, 166.1), angle=1.972 rad (113.0°)
2026-04-11 01:14:35,084 [INFO] shape_descriptors: Shape summary [shard_02_cord_marked_frag_06]: Fourier=[1.    0.535 0.239 0.316]  PCA_angle=112.99°
2026-04-11 01:14:35,085 [INFO] shape_descriptors: PCA orientation: centroid=(124.7, 166.1), angle=1.972 rad (113.0°)
2026-04-11 01:14:35,098 [INFO] chain_code: Chain code: length=803, segments=4, preview=[0, 0, 0, 0, 0, 0, 0, 0, 1, 0, 0, 1, 6, 1, 0, 1, 0, 7, 0, 1, 7, 7, 2, 7, 1, 6, 1, 1, 7, 1, 0, 0, 7, 1, 7, 1, 0, 7, 1, 7, 1, 0, 6, 2, 6, 0, 7, 1, 7, 1, 0, 7, 1, 7, 1, 7, 1, 0, 7, 1, 7, 1, 0, 7, 0, 1, 0, 7, 1, 7, 1, 0, 7, 1, 0, 6, 2, 7, 1, 0]
2026-04-11 01:14:35,098 [INFO] main: Fragment shard_02_cord_marked_frag_06  size=189x265  contour=911 pts  segments=4
2026-04-11 01:14:35,113 [INFO] main: Color pre-check (Lecture 71): min_BC=0.550  max_gap=0.131  is_mixed=False
2026-04-11 01:14:35,116 [INFO] compatibility: Extracting appearance features from 6 fragments...
2026-04-11 01:14:37,215 [INFO] compatibility: Fragment 0 features: color=512, texture=26, gabor=240, haralick=60
2026-04-11 01:14:39,316 [INFO] compatibility: Fragment 1 features: color=512, texture=26, gabor=240, haralick=60
2026-04-11 01:14:40,170 [INFO] compatibility: Fragment 2 features: color=512, texture=26, gabor=240, haralick=60
2026-04-11 01:14:40,790 [INFO] compatibility: Fragment 3 features: color=512, texture=26, gabor=240, haralick=60
2026-04-11 01:14:42,275 [INFO] compatibility: Fragment 4 features: color=512, texture=26, gabor=240, haralick=60
2026-04-11 01:14:43,115 [INFO] compatibility: Fragment 5 features: color=512, texture=26, gabor=240, haralick=60
2026-04-11 01:14:43,118 [INFO] compatibility: Appearance similarity (color): min=0.549  mean=0.873  max=0.988
2026-04-11 01:14:43,118 [INFO] compatibility: Appearance similarity (texture): min=0.978  mean=0.993  max=1.000
2026-04-11 01:14:43,119 [INFO] compatibility: Appearance similarity (gabor): min=0.934  mean=0.987  max=1.000
2026-04-11 01:14:43,119 [INFO] compatibility: Appearance similarity (haralick): min=0.991  mean=0.997  max=0.999
2026-04-11 01:14:44,007 [INFO] compatibility: Compatibility matrix built: shape=(6, 4, 6, 4), mean=0.1485, max=0.8598
2026-04-11 01:14:44,009 [INFO] main: Pairwise compatibility matrix (mean over segments):
2026-04-11 01:14:44,009 [INFO] main:          shard_02_cord_marked_frag_00  shard_02_cord_marked_frag_01  shard_02_cord_marked_frag_02  shard_02_cord_marked_frag_04  shard_02_cord_marked_frag_05  shard_02_cord_marked_frag_06
2026-04-11 01:14:44,009 [INFO] main: shard_02_cord_marked_frag_00      0.0000      0.7669      0.0000      0.0000      0.7337      0.0000
2026-04-11 01:14:44,009 [INFO] main: shard_02_cord_marked_frag_01      0.7678      0.0000      0.0000      0.0000      0.6740      0.0000
2026-04-11 01:14:44,009 [INFO] main: shard_02_cord_marked_frag_02      0.0000      0.0000      0.0000      0.5089      0.0000      0.0000
2026-04-11 01:14:44,009 [INFO] main: shard_02_cord_marked_frag_04      0.0000      0.0000      0.4885      0.0000      0.0000      0.0000
2026-04-11 01:14:44,009 [INFO] main: shard_02_cord_marked_frag_05      0.7342      0.6736      0.0000      0.0000      0.0000      0.0000
2026-04-11 01:14:44,009 [INFO] main: shard_02_cord_marked_frag_06      0.0000      0.0000      0.0000      0.0000      0.0000      0.0000
2026-04-11 01:14:44,144 [INFO] relaxation: Reached maximum of 50 iterations without convergence.
2026-04-11 01:14:44,144 [INFO] main: Convergence trace (50 iterations): 0.006126, 0.005449, 0.004944, 0.004565, 0.004268, 0.004028, 0.003830, 0.003661, 0.003512, 0.003379, 0.003257, 0.003142, 0.003033, 0.002929, 0.002858, 0.002842, 0.002823, 0.002800, 0.002776, 0.002750, 0.002723, 0.002694, 0.002665, 0.002635, 0.002605, 0.002575, 0.002544, 0.002513, 0.002481, 0.002450, 0.002419, 0.002388, 0.002358, 0.002327, 0.002297, 0.002266, 0.002237, 0.002207, 0.002178, 0.002149, 0.002121, 0.002093, 0.002066, 0.002039, 0.002012, 0.001986, 0.001960, 0.001935, 0.001911, 0.001886
2026-04-11 01:14:44,148 [INFO] main: Applying Track 3 (Ensemble Voting) post-processing...
2026-04-11 01:14:44,148 [INFO] ensemble_postprocess: ============================================================
2026-04-11 01:14:44,148 [INFO] ensemble_postprocess: ENSEMBLE POST-PROCESSING (Track 3)
2026-04-11 01:14:44,148 [INFO] ensemble_postprocess: ============================================================
2026-04-11 01:14:44,164 [INFO] ensemble_postprocess: Pre-computed morphological features for 6 fragments
2026-04-11 01:14:44,204 [INFO] ensemble_postprocess: ============================================================
2026-04-11 01:14:44,205 [INFO] ensemble_postprocess: ENSEMBLE POST-PROCESSING SUMMARY
2026-04-11 01:14:44,205 [INFO] ensemble_postprocess: ============================================================
2026-04-11 01:14:44,205 [INFO] ensemble_postprocess: Total pairs re-classified: 10
2026-04-11 01:14:44,212 [INFO] ensemble_postprocess: Assemblies with verdict changes: 3 / 3
2026-04-11 01:14:44,213 [INFO] ensemble_postprocess: ============================================================
2026-04-11 01:14:44,213 [INFO] main: ============================================================
2026-04-11 01:14:44,215 [INFO] main: ============================================================
2026-04-11 01:14:44,216 [INFO] main: Assembly #1  verdict=MATCH       confidence=0.2174  pairs: 6 MATCH / 0 WEAK / 4 NO_MATCH
2026-04-11 01:14:44,236 [INFO] main: Assembly #2  verdict=MATCH       confidence=0.1827  pairs: 5 MATCH / 0 WEAK / 6 NO_MATCH
2026-04-11 01:14:44,254 [INFO] main: Assembly #3  verdict=MATCH       confidence=0.1820  pairs: 5 MATCH / 0 WEAK / 6 NO_MATCH
2026-04-11 01:14:44,271 [INFO] main: ============================================================
2026-04-11 01:15:01,459 [INFO] main: Pipeline completed in 26.52 seconds.
