2026-04-08 11:22:27,252 [INFO] profiler: Profiling log: outputs/profiling/real_6\profiling_20260408_112227.log
2026-04-08 11:22:27,252 [INFO] profiler: ================================================================================
2026-04-08 11:22:27,252 [INFO] profiler: FRAGMENT RECONSTRUCTION PERFORMANCE PROFILER
2026-04-08 11:22:27,252 [INFO] profiler: ================================================================================
2026-04-08 11:22:27,252 [INFO] profiler: Input directory: data/examples/positive/gettyimages-1311604917-1024x1024
2026-04-08 11:22:27,252 [INFO] profiler: Output directory: outputs/profiling/real_6
2026-04-08 11:22:27,252 [WARNING] profiler: psutil not installed; memory profiling disabled.
2026-04-08 11:22:27,252 [WARNING] profiler: Install with: pip install psutil
2026-04-08 11:22:27,262 [INFO] __main__: Processing 5 fragments from data/examples/positive/gettyimages-1311604917-1024x1024
2026-04-08 11:22:27,270 [INFO] preprocessing: RGBA fragment detected -- using alpha channel as silhouette mask
2026-04-08 11:22:27,276 [INFO] preprocessing: Extracted contour with 1038 boundary points
2026-04-08 11:22:27,276 [INFO] shape_descriptors: PCA orientation: centroid=(89.5, 152.7), angle=1.368 rad (78.4deg)
2026-04-08 11:22:27,292 [INFO] preprocessing: RGBA fragment detected -- using alpha channel as silhouette mask
2026-04-08 11:22:27,293 [INFO] preprocessing: Extracted contour with 2587 boundary points
2026-04-08 11:22:27,293 [INFO] shape_descriptors: PCA orientation: centroid=(305.4, 354.8), angle=2.441 rad (139.9deg)
2026-04-08 11:22:27,303 [INFO] preprocessing: RGBA fragment detected -- using alpha channel as silhouette mask
2026-04-08 11:22:27,307 [INFO] preprocessing: Extracted contour with 2400 boundary points
2026-04-08 11:22:27,307 [INFO] shape_descriptors: PCA orientation: centroid=(228.2, 284.9), angle=1.453 rad (83.2deg)
2026-04-08 11:22:27,321 [INFO] preprocessing: RGBA fragment detected -- using alpha channel as silhouette mask
2026-04-08 11:22:27,323 [INFO] preprocessing: Extracted contour with 2401 boundary points
2026-04-08 11:22:27,323 [INFO] shape_descriptors: PCA orientation: centroid=(309.0, 288.7), angle=1.084 rad (62.1deg)
2026-04-08 11:22:27,324 [INFO] preprocessing: RGBA fragment detected -- using alpha channel as silhouette mask
2026-04-08 11:22:27,324 [INFO] preprocessing: Extracted contour with 988 boundary points
2026-04-08 11:22:27,324 [INFO] shape_descriptors: PCA orientation: centroid=(49.2, 171.7), angle=1.523 rad (87.3deg)
2026-04-08 11:22:27,324 [INFO] shape_descriptors: PCA orientation: centroid=(89.5, 152.7), angle=1.368 rad (78.4deg)
2026-04-08 11:22:27,324 [INFO] chain_code: Chain code: length=975, segments=4, preview=[0, 0, 0, 0, 0, 0, 0, 0, 1, 7, 0, 0, 7, 2, 7, 0, 0, 1, 7, 0, 0, 0, 1, 7, 0, 0, 0, 1, 7, 0, 1, 7, 1, 7, 0, 0, 0, 1, 1, 6, 0, 0, 1, 7, 1, 7, 0, 0, 0, 0, 1, 7, 1, 7, 2, 6, 0, 0, 1, 7, 1, 0, 1, 6, 1, 7, 1, 0, 7, 1, 7, 1, 0, 7, 1, 1, 7, 7, 1, 0]
2026-04-08 11:22:27,324 [INFO] shape_descriptors: PCA orientation: centroid=(305.4, 354.8), angle=2.441 rad (139.9deg)
2026-04-08 11:22:27,345 [INFO] chain_code: Chain code: length=2117, segments=4, preview=[0, 0, 0, 0, 0, 1, 0, 0, 7, 2, 6, 2, 6, 0, 7, 1, 0, 7, 1, 0, 0, 1, 0, 0, 1, 0, 7, 7, 0, 6, 2, 2, 6, 1, 0, 7, 2, 7, 1, 0, 7, 2, 7, 6, 1, 1, 7, 1, 1, 7, 7, 7, 0, 0, 7, 1, 1, 7, 2, 7, 1, 0, 7, 1, 0, 7, 0, 7, 7, 1, 0, 7, 0, 7, 0, 2, 0, 7, 1, 0]
2026-04-08 11:22:27,345 [INFO] shape_descriptors: PCA orientation: centroid=(228.2, 284.9), angle=1.453 rad (83.2deg)
2026-04-08 11:22:27,364 [INFO] chain_code: Chain code: length=2277, segments=4, preview=[0, 0, 0, 0, 0, 0, 0, 0, 2, 6, 1, 7, 0, 1, 0, 7, 0, 1, 0, 0, 0, 0, 7, 7, 7, 1, 6, 1, 7, 1, 1, 6, 1, 6, 0, 0, 0, 0, 0, 1, 0, 0, 0, 1, 7, 1, 7, 1, 7, 1, 0, 1, 0, 0, 7, 1, 0, 1, 7, 1, 0, 0, 0, 1, 0, 0, 1, 0, 0, 7, 1, 7, 1, 7, 1, 7, 7, 0, 0, 2]
2026-04-08 11:22:27,364 [INFO] shape_descriptors: PCA orientation: centroid=(309.0, 288.7), angle=1.084 rad (62.1deg)
2026-04-08 11:22:27,376 [INFO] chain_code: Chain code: length=2073, segments=4, preview=[0, 0, 0, 0, 0, 0, 0, 0, 2, 6, 2, 7, 2, 6, 2, 7, 1, 7, 1, 7, 2, 0, 0, 0, 7, 0, 1, 7, 0, 7, 0, 6, 2, 0, 0, 1, 7, 0, 1, 1, 0, 6, 1, 6, 7, 2, 7, 0, 0, 1, 0, 1, 7, 2, 6, 0, 1, 7, 1, 1, 0, 0, 0, 0, 0, 1, 0, 1, 7, 1, 7, 1, 2, 4, 0, 0, 0, 0, 1, 0]
2026-04-08 11:22:27,376 [INFO] shape_descriptors: PCA orientation: centroid=(49.2, 171.7), angle=1.523 rad (87.3deg)
2026-04-08 11:22:27,381 [INFO] chain_code: Chain code: length=973, segments=4, preview=[0, 0, 0, 0, 0, 0, 0, 0, 0, 0, 0, 0, 0, 0, 0, 0, 0, 0, 0, 0, 1, 0, 7, 1, 0, 0, 7, 0, 7, 0, 7, 1, 0, 7, 1, 7, 1, 7, 1, 0, 0, 1, 7, 1, 7, 1, 1, 7, 0, 0, 0, 0, 1, 7, 0, 0, 7, 0, 0, 1, 7, 1, 0, 0, 0, 0, 0, 1, 6, 7, 1, 6, 2, 7, 0, 1, 0, 0, 7, 1]
2026-04-08 11:22:27,386 [INFO] compatibility: Color similarity matrix (Bhattacharyya): min=0.547  mean=0.868  max=0.995
2026-04-08 11:22:27,558 [INFO] compatibility: Compatibility matrix built: shape=(5, 4, 5, 4), mean=0.5302, max=0.8638
2026-04-08 11:22:27,559 [INFO] relaxation: Relaxation iteration 01 -- max Delta: 0.004281
2026-04-08 11:22:27,559 [INFO] relaxation: Relaxation iteration 02 -- max Delta: 0.003825
2026-04-08 11:22:27,559 [INFO] relaxation: Relaxation iteration 03 -- max Delta: 0.003496
2026-04-08 11:22:27,559 [INFO] relaxation: Relaxation iteration 04 -- max Delta: 0.003360
2026-04-08 11:22:27,559 [INFO] relaxation: Relaxation iteration 05 -- max Delta: 0.003235
2026-04-08 11:22:27,559 [INFO] relaxation: Relaxation iteration 06 -- max Delta: 0.003120
2026-04-08 11:22:27,559 [INFO] relaxation: Relaxation iteration 07 -- max Delta: 0.003015
2026-04-08 11:22:27,559 [INFO] relaxation: Relaxation iteration 08 -- max Delta: 0.002917
2026-04-08 11:22:27,559 [INFO] relaxation: Relaxation iteration 09 -- max Delta: 0.002879
2026-04-08 11:22:27,559 [INFO] relaxation: Relaxation iteration 10 -- max Delta: 0.002877
2026-04-08 11:22:27,559 [INFO] relaxation: Relaxation iteration 11 -- max Delta: 0.002874
2026-04-08 11:22:27,559 [INFO] relaxation: Relaxation iteration 12 -- max Delta: 0.002869
2026-04-08 11:22:27,559 [INFO] relaxation: Relaxation iteration 13 -- max Delta: 0.002864
2026-04-08 11:22:27,559 [INFO] relaxation: Relaxation iteration 14 -- max Delta: 0.002885
2026-04-08 11:22:27,560 [INFO] relaxation: Relaxation iteration 15 -- max Delta: 0.002960
2026-04-08 11:22:27,560 [INFO] relaxation: Relaxation iteration 16 -- max Delta: 0.003028
2026-04-08 11:22:27,560 [INFO] relaxation: Relaxation iteration 17 -- max Delta: 0.003089
2026-04-08 11:22:27,560 [INFO] relaxation: Relaxation iteration 18 -- max Delta: 0.003143
2026-04-08 11:22:27,560 [INFO] relaxation: Relaxation iteration 19 -- max Delta: 0.003191
2026-04-08 11:22:27,560 [INFO] relaxation: Relaxation iteration 20 -- max Delta: 0.003231
2026-04-08 11:22:27,560 [INFO] relaxation: Relaxation iteration 21 -- max Delta: 0.003266
2026-04-08 11:22:27,560 [INFO] relaxation: Relaxation iteration 22 -- max Delta: 0.003293
2026-04-08 11:22:27,560 [INFO] relaxation: Relaxation iteration 23 -- max Delta: 0.003315
2026-04-08 11:22:27,561 [INFO] relaxation: Relaxation iteration 24 -- max Delta: 0.003330
2026-04-08 11:22:27,561 [INFO] relaxation: Relaxation iteration 25 -- max Delta: 0.003340
2026-04-08 11:22:27,561 [INFO] relaxation: Relaxation iteration 26 -- max Delta: 0.003343
2026-04-08 11:22:27,561 [INFO] relaxation: Relaxation iteration 27 -- max Delta: 0.003341
2026-04-08 11:22:27,561 [INFO] relaxation: Relaxation iteration 28 -- max Delta: 0.003334
2026-04-08 11:22:27,561 [INFO] relaxation: Relaxation iteration 29 -- max Delta: 0.003321
2026-04-08 11:22:27,561 [INFO] relaxation: Relaxation iteration 30 -- max Delta: 0.003304
2026-04-08 11:22:27,561 [INFO] relaxation: Relaxation iteration 31 -- max Delta: 0.003282
2026-04-08 11:22:27,561 [INFO] relaxation: Relaxation iteration 32 -- max Delta: 0.003258
2026-04-08 11:22:27,561 [INFO] relaxation: Relaxation iteration 33 -- max Delta: 0.003230
2026-04-08 11:22:27,561 [INFO] relaxation: Relaxation iteration 34 -- max Delta: 0.003207
2026-04-08 11:22:27,561 [INFO] relaxation: Relaxation iteration 35 -- max Delta: 0.003181
2026-04-08 11:22:27,562 [INFO] relaxation: Relaxation iteration 36 -- max Delta: 0.003150
2026-04-08 11:22:27,562 [INFO] relaxation: Relaxation iteration 37 -- max Delta: 0.003115
2026-04-08 11:22:27,562 [INFO] relaxation: Relaxation iteration 38 -- max Delta: 0.003076
2026-04-08 11:22:27,562 [INFO] relaxation: Relaxation iteration 39 -- max Delta: 0.003035
2026-04-08 11:22:27,562 [INFO] relaxation: Relaxation iteration 40 -- max Delta: 0.002989
2026-04-08 11:22:27,562 [INFO] relaxation: Relaxation iteration 41 -- max Delta: 0.002941
2026-04-08 11:22:27,562 [INFO] relaxation: Relaxation iteration 42 -- max Delta: 0.002890
2026-04-08 11:22:27,562 [INFO] relaxation: Relaxation iteration 43 -- max Delta: 0.002837
2026-04-08 11:22:27,562 [INFO] relaxation: Relaxation iteration 44 -- max Delta: 0.002781
2026-04-08 11:22:27,562 [INFO] relaxation: Relaxation iteration 45 -- max Delta: 0.002723
2026-04-08 11:22:27,562 [INFO] relaxation: Relaxation iteration 46 -- max Delta: 0.002663
2026-04-08 11:22:27,562 [INFO] relaxation: Relaxation iteration 47 -- max Delta: 0.002613
2026-04-08 11:22:27,562 [INFO] relaxation: Relaxation iteration 48 -- max Delta: 0.002577
2026-04-08 11:22:27,562 [INFO] relaxation: Relaxation iteration 49 -- max Delta: 0.002540
2026-04-08 11:22:27,563 [INFO] relaxation: Relaxation iteration 50 -- max Delta: 0.002501
2026-04-08 11:22:27,563 [INFO] relaxation: Reached maximum of 50 iterations without convergence.
2026-04-08 11:22:28,281 [INFO] visualize: Saved fragment grid -> outputs/profiling/real_6\temp_viz\fragments.png
2026-04-08 11:22:28,590 [INFO] visualize: Saved compatibility heatmap -> outputs/profiling/real_6\temp_viz\heatmap.png
2026-04-08 11:22:28,943 [INFO] visualize: Saved convergence plot -> outputs/profiling/real_6\temp_viz\convergence.png
2026-04-08 11:22:29,563 [INFO] visualize: Saved assembly proposal #1 -> outputs/profiling/real_6\temp_viz\assembly_01.png
2026-04-08 11:22:30,151 [INFO] visualize: Saved assembly proposal #2 -> outputs/profiling/real_6\temp_viz\assembly_02.png
2026-04-08 11:22:30,702 [INFO] visualize: Saved assembly proposal #3 -> outputs/profiling/real_6\temp_viz\assembly_03.png
2026-04-08 11:22:31,241 [INFO] assembly_renderer: Saved geometric assembly sheet -> outputs/profiling/real_6\temp_viz\assembly_01_geometric.png
2026-04-08 11:22:31,833 [INFO] assembly_renderer: Saved geometric assembly sheet -> outputs/profiling/real_6\temp_viz\assembly_02_geometric.png
2026-04-08 11:22:32,498 [INFO] assembly_renderer: Saved geometric assembly sheet -> outputs/profiling/real_6\temp_viz\assembly_03_geometric.png
2026-04-08 11:22:32,502 [INFO] profiler: Saved report -> outputs/profiling/real_6\profiling_report.txt
2026-04-08 11:22:32,780 [INFO] __main__: Saved timing bar chart -> outputs/profiling/real_6\timing_breakdown_bar_iter1.png
2026-04-08 11:22:33,023 [INFO] __main__: Saved timing pie chart -> outputs/profiling/real_6\timing_breakdown_pie_iter1.png
2026-04-08 11:22:33,023 [WARNING] __main__: No memory data available; skipping memory plot.
2026-04-08 11:22:33,023 [INFO] profiler: 
================================================================================
2026-04-08 11:22:33,023 [INFO] profiler: PROFILING COMPLETE
2026-04-08 11:22:33,023 [INFO] profiler: ================================================================================
2026-04-08 11:22:33,023 [INFO] profiler: All reports saved to: outputs/profiling/real_6
